<?xml version="1.0" encoding="UTF-8"?>
<!-- Generated by org.testng.reporters.JUnitReportReporter -->
<testsuite skipped="0" hostname="DESKTOP-A3DICO7" name="com.torenzosite.qa.testcases.HardwarePageTest" tests="3" failures="0" timestamp="06 Dec 2018 05:36:53 GMT" time="100.813" errors="0">
  <testcase name="verifyHomePageTitle" time="40.903" classname="com.torenzosite.qa.testcases.HardwarePageTest"/>
  <testcase name="verifyHardwarePageTitle" time="35.316" classname="com.torenzosite.qa.testcases.HardwarePageTest"/>
  <testcase name="verifyContactUsPage" time="24.594" classname="com.torenzosite.qa.testcases.HardwarePageTest"/>
</testsuite> <!-- com.torenzosite.qa.testcases.HardwarePageTest -->
