<?xml version="1.0" encoding="UTF-8"?>
<!-- Generated by org.testng.reporters.JUnitReportReporter -->
<testsuite skipped="0" hostname="DESKTOP-A3DICO7" name="com.torenzosite.qa.testcases.ContactUsPageTest" tests="5" failures="0" timestamp="08 Dec 2018 09:57:19 GMT" time="210.538" errors="0">
  <testcase name="verifyHomePageTitle" time="18.712" classname="com.torenzosite.qa.testcases.ContactUsPageTest"/>
  <testcase name="verifyContactPage" time="31.504" classname="com.torenzosite.qa.testcases.ContactUsPageTest"/>
  <testcase name="fillFormToConatctUs" time="52.231" classname="com.torenzosite.qa.testcases.ContactUsPageTest"/>
  <testcase name="fillFormToConatctUsWithEmpty" time="54.295" classname="com.torenzosite.qa.testcases.ContactUsPageTest"/>
  <testcase name="fillFormToConatctUsWithIncorrectEmail" time="53.796" classname="com.torenzosite.qa.testcases.ContactUsPageTest"/>
</testsuite> <!-- com.torenzosite.qa.testcases.ContactUsPageTest -->
