<?xml version="1.0" encoding="UTF-8"?>
<!-- Generated by org.testng.reporters.JUnitReportReporter -->
<testsuite skipped="0" hostname="DESKTOP-A3DICO7" name="com.torenzosite.qa.testcases.TryTorenzoForFreePageTest" tests="2" failures="0" timestamp="28 Dec 2018 05:49:48 GMT" time="290.852" errors="0">
  <testcase name="verifyHomePageTitle" time="12.683" classname="com.torenzosite.qa.testcases.TryTorenzoForFreePageTest"/>
  <testcase name="clickOnTryTorenzoForFreeAndFillForm" time="278.169" classname="com.torenzosite.qa.testcases.TryTorenzoForFreePageTest"/>
</testsuite> <!-- com.torenzosite.qa.testcases.TryTorenzoForFreePageTest -->
