<?xml version="1.0" encoding="UTF-8"?>
<!-- Generated by org.testng.reporters.JUnitReportReporter -->
<testsuite skipped="0" hostname="DESKTOP-A3DICO7" name="com.torenzosite.qa.testcases.PricingPageTest" tests="2" failures="0" timestamp="05 Dec 2018 12:17:15 GMT" time="47.554" errors="0">
  <testcase name="verifyHomePageTitle" time="28.216" classname="com.torenzosite.qa.testcases.PricingPageTest"/>
  <testcase name="verifyPricingPageTitle" time="19.338" classname="com.torenzosite.qa.testcases.PricingPageTest"/>
</testsuite> <!-- com.torenzosite.qa.testcases.PricingPageTest -->
