<?xml version="1.0" encoding="UTF-8"?>
<!-- Generated by org.testng.reporters.JUnitReportReporter -->
<testsuite skipped="0" hostname="DESKTOP-A3DICO7" name="com.torenzosite.qa.testcases.TorenzoPOSPageTest" tests="2" failures="0" timestamp="15 Dec 2018 06:06:10 GMT" time="43.069" errors="0">
  <testcase name="verifyHomePageTitle" time="21.279" classname="com.torenzosite.qa.testcases.TorenzoPOSPageTest"/>
  <testcase name="verifyTextFromTorenzoPOSPage" time="21.790" classname="com.torenzosite.qa.testcases.TorenzoPOSPageTest"/>
</testsuite> <!-- com.torenzosite.qa.testcases.TorenzoPOSPageTest -->
