<?xml version="1.0" encoding="UTF-8"?>
<!-- Generated by org.testng.reporters.JUnitReportReporter -->
<testsuite skipped="0" hostname="DESKTOP-A3DICO7" name="com.torenzosite.qa.testcases.HomePageTest" tests="1" failures="0" timestamp="12 Dec 2018 05:53:53 GMT" time="21.156" errors="0">
  <testcase name="verifyHomePageTitle" time="21.156" classname="com.torenzosite.qa.testcases.HomePageTest"/>
</testsuite> <!-- com.torenzosite.qa.testcases.HomePageTest -->
