<?xml version="1.0" encoding="UTF-8"?>
<!-- Generated by org.testng.reporters.JUnitReportReporter -->
<testsuite skipped="0" hostname="DESKTOP-A3DICO7" name="com.torenzosite.qa.testcases.BrokenImageAndLinks" tests="1" failures="0" timestamp="15 Dec 2018 06:47:08 GMT" time="61.440" errors="0">
  <testcase name="findBrokenLinkOnTorenzoMainPage" time="61.440" classname="com.torenzosite.qa.testcases.BrokenImageAndLinks"/>
</testsuite> <!-- com.torenzosite.qa.testcases.BrokenImageAndLinks -->
