<?xml version="1.0" encoding="UTF-8"?>
<!-- Generated by org.testng.reporters.JUnitReportReporter -->
<testsuite skipped="0" hostname="DESKTOP-A3DICO7" name="practice.RubiqueCC" tests="1" failures="0" timestamp="19 Dec 2018 06:24:15 GMT" time="11.917" errors="0">
  <testcase name="testMethod" time="11.917" classname="practice.RubiqueCC"/>
</testsuite> <!-- practice.RubiqueCC -->
