<?xml version="1.0" encoding="UTF-8"?>
<!-- Generated by org.testng.reporters.JUnitReportReporter -->
<testsuite skipped="0" hostname="DESKTOP-A3DICO7" name="com.torenzosite.qa.testcases.FeaturePageTest" tests="4" failures="0" timestamp="05 Dec 2018 12:12:11 GMT" time="66.497" errors="0">
  <testcase name="verifyHomePageTitle" time="8.459" classname="com.torenzosite.qa.testcases.FeaturePageTest"/>
  <testcase name="verifyFeaturesPageTitle" time="14.010" classname="com.torenzosite.qa.testcases.FeaturePageTest"/>
  <testcase name="verifyTryTorenzoForFree" time="22.059" classname="com.torenzosite.qa.testcases.FeaturePageTest"/>
  <testcase name="fillFormFromFeaturePage" time="21.969" classname="com.torenzosite.qa.testcases.FeaturePageTest"/>
</testsuite> <!-- com.torenzosite.qa.testcases.FeaturePageTest -->
