<?xml version="1.0" encoding="UTF-8"?>
<!-- Generated by org.testng.reporters.JUnitReportReporter -->
<testsuite skipped="0" hostname="DESKTOP-A3DICO7" name="com.torenzosite.qa.testcases.PricingPageTest" tests="2" failures="0" timestamp="28 Dec 2018 05:49:48 GMT" time="34.479" errors="0">
  <testcase name="verifyHomePageTitle" time="7.916" classname="com.torenzosite.qa.testcases.PricingPageTest"/>
  <testcase name="verifyPricingPageTitle" time="26.563" classname="com.torenzosite.qa.testcases.PricingPageTest"/>
</testsuite> <!-- com.torenzosite.qa.testcases.PricingPageTest -->
