<?xml version="1.0" encoding="UTF-8"?>
<!-- Generated by org.testng.reporters.JUnitReportReporter -->
<testsuite skipped="0" hostname="DESKTOP-A3DICO7" name="com.torenzosite.qa.testcases.BrokenLinkOnTorenzoPage" tests="2" failures="0" timestamp="01 Dec 2018 06:27:38 GMT" time="34.624" errors="0">
  <testcase name="verifyHomePageTitle" time="14.493" classname="com.torenzosite.qa.testcases.BrokenLinkOnTorenzoPage"/>
  <testcase name="findBrokenLinkOnTorenzoMainPage" time="20.131" classname="com.torenzosite.qa.testcases.BrokenLinkOnTorenzoPage"/>
</testsuite> <!-- com.torenzosite.qa.testcases.BrokenLinkOnTorenzoPage -->
