<?xml version="1.0" encoding="UTF-8"?>
<!-- Generated by org.testng.reporters.JUnitReportReporter -->
<testsuite skipped="0" hostname="DESKTOP-A3DICO7" name="com.torenzosite.qa.testcases.LeaveUsPageTest" tests="2" failures="0" timestamp="08 Dec 2018 05:42:49 GMT" time="42.483" errors="0">
  <testcase name="verifyHomePageTitle" time="13.256" classname="com.torenzosite.qa.testcases.LeaveUsPageTest"/>
  <testcase name="verifyLeaveUsPageTitle" time="29.227" classname="com.torenzosite.qa.testcases.LeaveUsPageTest"/>
</testsuite> <!-- com.torenzosite.qa.testcases.LeaveUsPageTest -->
