<?xml version="1.0" encoding="UTF-8"?>
<!-- Generated by org.testng.reporters.JUnitReportReporter -->
<testsuite skipped="0" hostname="DESKTOP-A3DICO7" name="com.torenzosite.qa.testcases.HomePageTest" tests="4" failures="0" timestamp="08 Dec 2018 05:12:41 GMT" time="136.894" errors="0">
  <testcase name="verifyHomePageTitle" time="24.570" classname="com.torenzosite.qa.testcases.HomePageTest"/>
  <testcase name="verifyEmailAddreeField" time="26.669" classname="com.torenzosite.qa.testcases.HomePageTest"/>
  <testcase name="verifyWithEmptyEmailAddreeField" time="43.158" classname="com.torenzosite.qa.testcases.HomePageTest"/>
  <testcase name="verifyWithInvalidEmailAddreeField" time="42.497" classname="com.torenzosite.qa.testcases.HomePageTest"/>
</testsuite> <!-- com.torenzosite.qa.testcases.HomePageTest -->
