<?xml version="1.0" encoding="UTF-8"?>
<!-- Generated by org.testng.reporters.JUnitReportReporter -->
<testsuite skipped="0" hostname="DESKTOP-A3DICO7" name="com.torenzosite.qa.testcases.ContactUsPageTest" tests="3" failures="0" timestamp="05 Dec 2018 12:32:27 GMT" time="51.937" errors="0">
  <testcase name="verifyHomePageTitle" time="8.992" classname="com.torenzosite.qa.testcases.ContactUsPageTest"/>
  <testcase name="verifyContactPage" time="19.558" classname="com.torenzosite.qa.testcases.ContactUsPageTest"/>
  <testcase name="fillFormToConatctUs" time="23.387" classname="com.torenzosite.qa.testcases.ContactUsPageTest"/>
</testsuite> <!-- com.torenzosite.qa.testcases.ContactUsPageTest -->
