<?xml version="1.0" encoding="UTF-8"?>
<!-- Generated by org.testng.reporters.JUnitReportReporter -->
<testsuite skipped="0" hostname="DESKTOP-A3DICO7" name="com.torenzosite.qa.testcases.TryTorenzoForFreePageTest" tests="2" failures="0" timestamp="05 Dec 2018 12:19:44 GMT" time="33.206" errors="0">
  <testcase name="verifyHomePageTitle" time="7.146" classname="com.torenzosite.qa.testcases.TryTorenzoForFreePageTest"/>
  <testcase name="clickOnTryTorenzoForFree" time="26.060" classname="com.torenzosite.qa.testcases.TryTorenzoForFreePageTest"/>
</testsuite> <!-- com.torenzosite.qa.testcases.TryTorenzoForFreePageTest -->
