<?xml version="1.0" encoding="UTF-8"?>
<!-- Generated by org.testng.reporters.JUnitReportReporter -->
<testsuite skipped="0" hostname="DESKTOP-A3DICO7" name="com.torenzosite.qa.testcases.FeaturePageTest" tests="10" failures="0" timestamp="28 Dec 2018 05:49:48 GMT" time="387.539" errors="0">
  <testcase name="verifyHomePageTitle" time="8.309" classname="com.torenzosite.qa.testcases.FeaturePageTest"/>
  <testcase name="verifyFeaturesPageTitle" time="17.658" classname="com.torenzosite.qa.testcases.FeaturePageTest"/>
  <testcase name="verifyTryTorenzoForFree" time="24.050" classname="com.torenzosite.qa.testcases.FeaturePageTest"/>
  <testcase name="closeToForm" time="13.426" classname="com.torenzosite.qa.testcases.FeaturePageTest"/>
  <testcase name="fillFormFromFeaturePage" time="53.839" classname="com.torenzosite.qa.testcases.FeaturePageTest"/>
  <testcase name="fillFormWithEmptyData" time="58.646" classname="com.torenzosite.qa.testcases.FeaturePageTest"/>
  <testcase name="fillFormWithEmptyPhoneNumber" time="66.719" classname="com.torenzosite.qa.testcases.FeaturePageTest"/>
  <testcase name="fillFormWithEmptyEmaildId" time="49.820" classname="com.torenzosite.qa.testcases.FeaturePageTest"/>
  <testcase name="fillFormWithEmptyBussinesName" time="49.335" classname="com.torenzosite.qa.testcases.FeaturePageTest"/>
  <testcase name="fillFormWithIncorrectEmailId" time="45.737" classname="com.torenzosite.qa.testcases.FeaturePageTest"/>
</testsuite> <!-- com.torenzosite.qa.testcases.FeaturePageTest -->
