<?xml version="1.0" encoding="UTF-8"?>
<!-- Generated by org.testng.reporters.JUnitReportReporter -->
<testsuite skipped="0" hostname="DESKTOP-A3DICO7" name="com.torenzosite.qa.testcases.TorenzoPOSPageTest" tests="2" failures="0" timestamp="11 Dec 2018 10:35:43 GMT" time="44.467" errors="0">
  <testcase name="verifyHomePageTitle" time="19.684" classname="com.torenzosite.qa.testcases.TorenzoPOSPageTest"/>
  <testcase name="verifyTextFromTorenzoPOSPage" time="24.783" classname="com.torenzosite.qa.testcases.TorenzoPOSPageTest"/>
</testsuite> <!-- com.torenzosite.qa.testcases.TorenzoPOSPageTest -->
