<?xml version="1.0" encoding="UTF-8"?>
<!-- Generated by org.testng.reporters.JUnitReportReporter -->
<testsuite skipped="0" hostname="DESKTOP-A3DICO7" name="com.torenzosite.qa.testcases.TorenzoPOSPageTest" tests="2" failures="0" timestamp="08 Dec 2018 05:36:00 GMT" time="104.094" errors="0">
  <testcase name="verifyHomePageTitle" time="73.571" classname="com.torenzosite.qa.testcases.TorenzoPOSPageTest"/>
  <testcase name="verifyTextFromTorenzoPOSPage" time="30.523" classname="com.torenzosite.qa.testcases.TorenzoPOSPageTest"/>
</testsuite> <!-- com.torenzosite.qa.testcases.TorenzoPOSPageTest -->
