<?xml version="1.0" encoding="UTF-8"?>
<!-- Generated by org.testng.reporters.JUnitReportReporter -->
<testsuite skipped="0" hostname="DESKTOP-A3DICO7" name="com.torenzosite.qa.testcases.HomePageTest" tests="2" failures="0" timestamp="18 Nov 2018 04:48:41 GMT" time="53.916" errors="0">
  <testcase name="verifyHomePageTitle" time="24.216" classname="com.torenzosite.qa.testcases.HomePageTest"/>
  <testcase name="verifyTorenzoPOSPageTitle" time="29.700" classname="com.torenzosite.qa.testcases.HomePageTest"/>
</testsuite> <!-- com.torenzosite.qa.testcases.HomePageTest -->
