<?xml version="1.0" encoding="UTF-8"?>
<!-- Generated by org.testng.reporters.JUnitReportReporter -->
<testsuite skipped="0" hostname="DESKTOP-A3DICO7" name="com.torenzosite.qa.testcases.HomePageTest" tests="4" failures="0" timestamp="11 Dec 2018 10:35:43 GMT" time="129.304" errors="0">
  <testcase name="verifyHomePageTitle" time="18.622" classname="com.torenzosite.qa.testcases.HomePageTest"/>
  <testcase name="verifyEmailAddreeField" time="26.662" classname="com.torenzosite.qa.testcases.HomePageTest"/>
  <testcase name="verifyWithEmptyEmailAddreeField" time="42.054" classname="com.torenzosite.qa.testcases.HomePageTest"/>
  <testcase name="verifyWithInvalidEmailAddreeField" time="41.966" classname="com.torenzosite.qa.testcases.HomePageTest"/>
</testsuite> <!-- com.torenzosite.qa.testcases.HomePageTest -->
