<?xml version="1.0" encoding="UTF-8"?>
<!-- Generated by org.testng.reporters.JUnitReportReporter -->
<testsuite skipped="0" hostname="DESKTOP-A3DICO7" name="com.torenzosite.qa.testcases.PricingPageTest" tests="2" failures="0" timestamp="08 Dec 2018 05:12:41 GMT" time="51.342" errors="0">
  <testcase name="verifyHomePageTitle" time="18.357" classname="com.torenzosite.qa.testcases.PricingPageTest"/>
  <testcase name="verifyPricingPageTitle" time="32.985" classname="com.torenzosite.qa.testcases.PricingPageTest"/>
</testsuite> <!-- com.torenzosite.qa.testcases.PricingPageTest -->
