<?xml version="1.0" encoding="UTF-8"?>
<!-- Generated by org.testng.reporters.JUnitReportReporter -->
<testsuite skipped="0" hostname="DESKTOP-A3DICO7" name="com.torenzosite.qa.testcases.TryTorenzoForFreePageTest" tests="2" failures="0" timestamp="15 Dec 2018 08:01:48 GMT" time="448.145" errors="0">
  <testcase name="verifyHomePageTitle" time="33.040" classname="com.torenzosite.qa.testcases.TryTorenzoForFreePageTest"/>
  <testcase name="clickOnTryTorenzoForFreeAndFillForm" time="415.105" classname="com.torenzosite.qa.testcases.TryTorenzoForFreePageTest"/>
</testsuite> <!-- com.torenzosite.qa.testcases.TryTorenzoForFreePageTest -->
