<?xml version="1.0" encoding="UTF-8"?>
<!-- Generated by org.testng.reporters.JUnitReportReporter -->
<testsuite skipped="0" hostname="DESKTOP-A3DICO7" name="com.torenzosite.qa.testcases.TryTorenzoForFreePageTest" tests="4" failures="0" timestamp="10 Dec 2018 06:34:40 GMT" time="285.816" errors="0">
  <testcase name="fillFormWithEmptyData" time="93.176" classname="com.torenzosite.qa.testcases.TryTorenzoForFreePageTest"/>
  <testcase name="fillFormWithEmptyPhoneNumber" time="57.257" classname="com.torenzosite.qa.testcases.TryTorenzoForFreePageTest"/>
  <testcase name="fillFormWithEmptyEmaildId" time="76.548" classname="com.torenzosite.qa.testcases.TryTorenzoForFreePageTest"/>
  <testcase name="fillFormWithEmptyBussinesName" time="58.835" classname="com.torenzosite.qa.testcases.TryTorenzoForFreePageTest"/>
</testsuite> <!-- com.torenzosite.qa.testcases.TryTorenzoForFreePageTest -->
