<?xml version="1.0" encoding="UTF-8"?>
<!-- Generated by org.testng.reporters.JUnitReportReporter -->
<testsuite skipped="0" hostname="DESKTOP-A3DICO7" name="com.torenzosite.qa.testcases.BrokenLinksOnTorenzoPageTest" tests="2" failures="0" timestamp="02 Dec 2018 05:30:41 GMT" time="78.115" errors="0">
  <testcase name="verifyHomePageTitle" time="38.332" classname="com.torenzosite.qa.testcases.BrokenLinksOnTorenzoPageTest"/>
  <testcase name="findBrokenLinkOnTorenzoMainPage" time="39.783" classname="com.torenzosite.qa.testcases.BrokenLinksOnTorenzoPageTest"/>
</testsuite> <!-- com.torenzosite.qa.testcases.BrokenLinksOnTorenzoPageTest -->
