<?xml version="1.0" encoding="UTF-8"?>
<!-- Generated by org.testng.reporters.JUnitReportReporter -->
<testsuite skipped="0" hostname="DESKTOP-A3DICO7" name="com.torenzosite.qa.testcases.PricingPageTest" tests="2" failures="0" timestamp="15 Dec 2018 06:06:10 GMT" time="47.581" errors="0">
  <testcase name="verifyHomePageTitle" time="17.950" classname="com.torenzosite.qa.testcases.PricingPageTest"/>
  <testcase name="verifyPricingPageTitle" time="29.631" classname="com.torenzosite.qa.testcases.PricingPageTest"/>
</testsuite> <!-- com.torenzosite.qa.testcases.PricingPageTest -->
