<?xml version="1.0" encoding="UTF-8"?>
<!-- Generated by org.testng.reporters.JUnitReportReporter -->
<testsuite skipped="0" hostname="DESKTOP-A3DICO7" name="com.torenzosite.qa.testcases.TryTorenzoForFreePageTest" tests="1" failures="0" timestamp="29 Nov 2018 13:00:51 GMT" time="20.606" errors="0">
  <testcase name="clickOnTryTorenzoForFree" time="20.606" classname="com.torenzosite.qa.testcases.TryTorenzoForFreePageTest"/>
</testsuite> <!-- com.torenzosite.qa.testcases.TryTorenzoForFreePageTest -->
