<?xml version="1.0" encoding="UTF-8"?>
<!-- Generated by org.testng.reporters.JUnitReportReporter -->
<testsuite skipped="0" hostname="DESKTOP-A3DICO7" name="com.torenzosite.qa.testcases.LeaveUsPageTest" tests="2" failures="0" timestamp="05 Dec 2018 12:30:27 GMT" time="29.804" errors="0">
  <testcase name="verifyHardwarePageTitle" time="15.354" classname="com.torenzosite.qa.testcases.LeaveUsPageTest"/>
  <testcase name="verifyHomePageTitle" time="14.450" classname="com.torenzosite.qa.testcases.LeaveUsPageTest"/>
</testsuite> <!-- com.torenzosite.qa.testcases.LeaveUsPageTest -->
