<?xml version="1.0" encoding="UTF-8"?>
<!-- Generated by org.testng.reporters.JUnitReportReporter -->
<testsuite skipped="0" hostname="DESKTOP-A3DICO7" name="com.torenzosite.qa.testcases.FeaturePageTest" tests="10" failures="0" timestamp="17 Dec 2018 06:04:31 GMT" time="65.588" errors="9">
  <testcase name="verifyHomePageTitle" time="4.130" classname="com.torenzosite.qa.testcases.FeaturePageTest"/>
  <testcase name="verifyFeaturesPageTitle" time="7.587" classname="com.torenzosite.qa.testcases.FeaturePageTest">
    <error type="org.openqa.selenium.ElementClickInterceptedException" message="Element not clickable at point (672,44). Other element would receive the click: &lt;div class=&quot;col-md-10 col-md-offset-1&quot;&gt;
&lt;h1 class=&quot;font-36 uppercase&quot;&gt;&lt;strong&gt;Torenzo Point of Sale Solutions:&lt;br class=&quot;visible-lg visible-md&quot;&gt; &lt;span class=&quot;font-48&quot;&gt;Powerful. Affordable. Easy to Use.&lt;/span&gt;&lt;/strong&gt;&lt;/h1&gt;

&lt;p class=&quot;font-18 margin-0 margin-top-40&quot;&gt;&lt;strong&gt;Start your 30-day free trial today!&lt;/strong&gt;&lt;/p&gt;
&lt;div class=&quot;gf_browser_unknown gform_wrapper&quot; id=&quot;gform_wrapper_7&quot;&gt;
&lt;form id=&quot;gform_7&quot; action=&quot;/&quot; enctype=&quot;multipart/form-data&quot; method=&quot;post&quot;&gt;
&lt;div class=&quot;gform_body&quot;&gt;
&lt;ul class=&quot;gform_fields top_label form_sublabel_below description_below&quot; id=&quot;gform_fields_7&quot;&gt;
&lt;li class=&quot;gfield gfield_contains_required field_sublabel_below field_description_below gfield_visibility_visible&quot; id=&quot;field_7_1&quot;&gt;&lt;label class=&quot;gfield_label&quot; for=&quot;input_7_1&quot;&gt;Email&lt;span class=&quot;gfield_required&quot;&gt;*&lt;/span&gt;&lt;/label&gt;
&lt;div class=&quot;ginput_container ginput_container_email&quot;&gt;
                            &lt;input name=&quot;input_1&quot; class=&quot;large form-control&quot; id=&quot;input_7_1&quot; aria-invalid=&quot;false&quot; aria-required=&quot;true&quot; type=&quot;text&quot; placeholder=&quot;Email Address&quot; value=&quot;&quot;&gt;
                        &lt;/div&gt;
&lt;/li&gt;
&lt;li class=&quot;gfield gform_validation_container field_sublabel_below field_description_below gfield_visibility_visible&quot; id=&quot;field_7_2&quot;&gt;&lt;label class=&quot;gfield_label&quot; for=&quot;input_7_2&quot;&gt;Phone&lt;/label&gt;
&lt;div class=&quot;ginput_container&quot;&gt;&lt;input name=&quot;input_2&quot; class=&quot;form-control&quot; id=&quot;input_7_2&quot; type=&quot;text&quot; value=&quot;&quot;&gt;&lt;/div&gt;
&lt;div class=&quot;gfield_description&quot;&gt;This field is for validation purposes and should be left unchanged.&lt;/div&gt;
&lt;/li&gt;
&lt;/ul&gt;
&lt;/div&gt;
&lt;div class=&quot;gform_footer top_label&quot;&gt; &lt;input class=&quot;gform_button btn btn-primary controls&quot; id=&quot;gform_submit_button_7&quot; onkeypress=&#039;if( event.keyCode == 13 ){ if(window[&quot;gf_submitting_7&quot;]){return false;} window[&quot;gf_submitting_7&quot;]=true;  jQuery(&quot;#gform_7&quot;).trigger(&quot;submit&quot;,[true]); }&#039; onclick=&#039;if(window[&quot;gf_submitting_7&quot;]){return false;}  window[&quot;gf_submitting_7&quot;]=true;  &#039; type=&quot;submit&quot; value=&quot;CLICK HERE TO TRY TORENZO FOR FREE&quot;&gt;
            &lt;input name=&quot;is_submit_7&quot; class=&quot;gform_hidden&quot; type=&quot;hidden&quot; value=&quot;1&quot;&gt;
            &lt;input name=&quot;gform_submit&quot; class=&quot;gform_hidden&quot; type=&quot;hidden&quot; value=&quot;7&quot;&gt;
&lt;p&gt;            &lt;input name=&quot;gform_unique_id&quot; class=&quot;gform_hidden&quot; type=&quot;hidden&quot; value=&quot;&quot;&gt;
            &lt;input name=&quot;state_7&quot; class=&quot;gform_hidden&quot; type=&quot;hidden&quot; value=&quot;WyJbXSIsIjgwMzA3ZjFmNDk5NWVkM2JiZGNjZDUzMWY0YjA3ZGU0Il0=&quot;&gt;
            &lt;input name=&quot;gform_target_page_number_7&quot; class=&quot;gform_hidden&quot; id=&quot;gform_target_page_number_7&quot; type=&quot;hidden&quot; value=&quot;0&quot;&gt;
            &lt;input name=&quot;gform_source_page_number_7&quot; class=&quot;gform_hidden&quot; id=&quot;gform_source_page_number_7&quot; type=&quot;hidden&quot; value=&quot;1&quot;&gt;
            &lt;input name=&quot;gform_field_values&quot; type=&quot;hidden&quot; value=&quot;&quot;&gt;&lt;/p&gt;&lt;/div&gt;
&lt;/form&gt;
&lt;/div&gt;
&lt;p&gt;&lt;script type=&quot;text/javascript&quot;&gt; if(typeof gf_global == &#039;undefined&#039;) var gf_global = {&quot;gf_currency_config&quot;:{&quot;name&quot;:&quot;U.S. Dollar&quot;,&quot;symbol_left&quot;:&quot;$&quot;,&quot;symbol_right&quot;:&quot;&quot;,&quot;symbol_padding&quot;:&quot;&quot;,&quot;thousand_separator&quot;:&quot;,&quot;,&quot;decimal_separator&quot;:&quot;.&quot;,&quot;decimals&quot;:2},&quot;base_url&quot;:&quot;http:\/\/www.torenzo.com\/wp-content\/plugins\/gravityforms&quot;,&quot;number_formats&quot;:[],&quot;spinnerUrl&quot;:&quot;http:\/\/www.torenzo.com\/wp-content\/plugins\/gravityforms\/images\/spinner.gif&quot;};jQuery(document).bind(&#039;gform_post_render&#039;, function(event, formId, currentPage){if(formId == 7) {if(typeof Placeholders != &#039;undefined&#039;){
                        Placeholders.enable();
                    }} } );jQuery(document).bind(&#039;gform_post_conditional_logic&#039;, function(event, formId, fields, isInit){} );&lt;/script&gt;&lt;script type=&quot;text/javascript&quot;&gt; jQuery(document).ready(function(){jQuery(document).trigger(&#039;gform_post_render&#039;, [7, 1]) } ); &lt;/script&gt;
&lt;/p&gt;&lt;/div&gt;
Build info: version: &#039;3.14.0&#039;, revision: &#039;aacccce0&#039;, time: &#039;2018-08-02T20:19:58.91Z&#039;
System info: host: &#039;DESKTOP-A3DICO7&#039;, ip: &#039;169.254.38.26&#039;, os.name: &#039;Windows 10&#039;, os.arch: &#039;amd64&#039;, os.version: &#039;10.0&#039;, java.version: &#039;1.8.0_131&#039;
Driver info: org.openqa.selenium.ie.InternetExplorerDriver
Capabilities {acceptInsecureCerts: false, browserName: internet explorer, browserVersion: 11, javascriptEnabled: true, pageLoadStrategy: normal, platform: WINDOWS, platformName: WINDOWS, proxy: Proxy(), se:ieOptions: {browserAttachTimeout: 0, elementScrollBehavior: 0, enablePersistentHover: true, ie.browserCommandLineSwitches: , ie.ensureCleanSession: false, ie.fileUploadDialogTimeout: 3000, ie.forceCreateProcessApi: false, ignoreProtectedModeSettings: false, ignoreZoomSetting: false, initialBrowserUrl: http://localhost:39609/, nativeEvents: true, requireWindowFocus: false}, setWindowRect: true, timeouts: {implicit: 0, pageLoad: 300000, script: 30000}}
Session ID: ce0ef3a5-4eaa-4fbc-b126-35908c46b600">
      <![CDATA[org.openqa.selenium.ElementClickInterceptedException: Element not clickable at point (672,44). Other element would receive the click: <div class="col-md-10 col-md-offset-1">
<h1 class="font-36 uppercase"><strong>Torenzo Point of Sale Solutions:<br class="visible-lg visible-md"> <span class="font-48">Powerful. Affordable. Easy to Use.</span></strong></h1>

<p class="font-18 margin-0 margin-top-40"><strong>Start your 30-day free trial today!</strong></p>
<div class="gf_browser_unknown gform_wrapper" id="gform_wrapper_7">
<form id="gform_7" action="/" enctype="multipart/form-data" method="post">
<div class="gform_body">
<ul class="gform_fields top_label form_sublabel_below description_below" id="gform_fields_7">
<li class="gfield gfield_contains_required field_sublabel_below field_description_below gfield_visibility_visible" id="field_7_1"><label class="gfield_label" for="input_7_1">Email<span class="gfield_required">*</span></label>
<div class="ginput_container ginput_container_email">
                            <input name="input_1" class="large form-control" id="input_7_1" aria-invalid="false" aria-required="true" type="text" placeholder="Email Address" value="">
                        </div>
</li>
<li class="gfield gform_validation_container field_sublabel_below field_description_below gfield_visibility_visible" id="field_7_2"><label class="gfield_label" for="input_7_2">Phone</label>
<div class="ginput_container"><input name="input_2" class="form-control" id="input_7_2" type="text" value=""></div>
<div class="gfield_description">This field is for validation purposes and should be left unchanged.</div>
</li>
</ul>
</div>
<div class="gform_footer top_label"> <input class="gform_button btn btn-primary controls" id="gform_submit_button_7" onkeypress='if( event.keyCode == 13 ){ if(window["gf_submitting_7"]){return false;} window["gf_submitting_7"]=true;  jQuery("#gform_7").trigger("submit",[true]); }' onclick='if(window["gf_submitting_7"]){return false;}  window["gf_submitting_7"]=true;  ' type="submit" value="CLICK HERE TO TRY TORENZO FOR FREE">
            <input name="is_submit_7" class="gform_hidden" type="hidden" value="1">
            <input name="gform_submit" class="gform_hidden" type="hidden" value="7">
<p>            <input name="gform_unique_id" class="gform_hidden" type="hidden" value="">
            <input name="state_7" class="gform_hidden" type="hidden" value="WyJbXSIsIjgwMzA3ZjFmNDk5NWVkM2JiZGNjZDUzMWY0YjA3ZGU0Il0=">
            <input name="gform_target_page_number_7" class="gform_hidden" id="gform_target_page_number_7" type="hidden" value="0">
            <input name="gform_source_page_number_7" class="gform_hidden" id="gform_source_page_number_7" type="hidden" value="1">
            <input name="gform_field_values" type="hidden" value=""></p></div>
</form>
</div>
<p><script type="text/javascript"> if(typeof gf_global == 'undefined') var gf_global = {"gf_currency_config":{"name":"U.S. Dollar","symbol_left":"$","symbol_right":"","symbol_padding":"","thousand_separator":",","decimal_separator":".","decimals":2},"base_url":"http:\/\/www.torenzo.com\/wp-content\/plugins\/gravityforms","number_formats":[],"spinnerUrl":"http:\/\/www.torenzo.com\/wp-content\/plugins\/gravityforms\/images\/spinner.gif"};jQuery(document).bind('gform_post_render', function(event, formId, currentPage){if(formId == 7) {if(typeof Placeholders != 'undefined'){
                        Placeholders.enable();
                    }} } );jQuery(document).bind('gform_post_conditional_logic', function(event, formId, fields, isInit){} );</script><script type="text/javascript"> jQuery(document).ready(function(){jQuery(document).trigger('gform_post_render', [7, 1]) } ); </script>
</p></div>
Build info: version: '3.14.0', revision: 'aacccce0', time: '2018-08-02T20:19:58.91Z'
System info: host: 'DESKTOP-A3DICO7', ip: '169.254.38.26', os.name: 'Windows 10', os.arch: 'amd64', os.version: '10.0', java.version: '1.8.0_131'
Driver info: org.openqa.selenium.ie.InternetExplorerDriver
Capabilities {acceptInsecureCerts: false, browserName: internet explorer, browserVersion: 11, javascriptEnabled: true, pageLoadStrategy: normal, platform: WINDOWS, platformName: WINDOWS, proxy: Proxy(), se:ieOptions: {browserAttachTimeout: 0, elementScrollBehavior: 0, enablePersistentHover: true, ie.browserCommandLineSwitches: , ie.ensureCleanSession: false, ie.fileUploadDialogTimeout: 3000, ie.forceCreateProcessApi: false, ignoreProtectedModeSettings: false, ignoreZoomSetting: false, initialBrowserUrl: http://localhost:39609/, nativeEvents: true, requireWindowFocus: false}, setWindowRect: true, timeouts: {implicit: 0, pageLoad: 300000, script: 30000}}
Session ID: ce0ef3a5-4eaa-4fbc-b126-35908c46b600
at sun.reflect.NativeConstructorAccessorImpl.newInstance0(Native Method)
at sun.reflect.NativeConstructorAccessorImpl.newInstance(Unknown Source)
at sun.reflect.DelegatingConstructorAccessorImpl.newInstance(Unknown Source)
at java.lang.reflect.Constructor.newInstance(Unknown Source)
at org.openqa.selenium.remote.http.W3CHttpResponseCodec.createException(W3CHttpResponseCodec.java:187)
at org.openqa.selenium.remote.http.W3CHttpResponseCodec.decode(W3CHttpResponseCodec.java:122)
at org.openqa.selenium.remote.http.W3CHttpResponseCodec.decode(W3CHttpResponseCodec.java:49)
at org.openqa.selenium.remote.HttpCommandExecutor.execute(HttpCommandExecutor.java:158)
at org.openqa.selenium.remote.service.DriverCommandExecutor.execute(DriverCommandExecutor.java:83)
at org.openqa.selenium.remote.RemoteWebDriver.execute(RemoteWebDriver.java:548)
at org.openqa.selenium.remote.RemoteWebElement.execute(RemoteWebElement.java:276)
at org.openqa.selenium.remote.RemoteWebElement.click(RemoteWebElement.java:83)
at sun.reflect.NativeMethodAccessorImpl.invoke0(Native Method)
at sun.reflect.NativeMethodAccessorImpl.invoke(Unknown Source)
at sun.reflect.DelegatingMethodAccessorImpl.invoke(Unknown Source)
at java.lang.reflect.Method.invoke(Unknown Source)
at org.openqa.selenium.support.pagefactory.internal.LocatingElementHandler.invoke(LocatingElementHandler.java:51)
at com.sun.proxy.$Proxy10.click(Unknown Source)
at com.torenzosite.qa.pages.HomePage.clickOnFeatures(HomePage.java:75)
at com.torenzosite.qa.testcases.FeaturePageTest.verifyFeaturesPageTitle(FeaturePageTest.java:62)
at sun.reflect.NativeMethodAccessorImpl.invoke0(Native Method)
at sun.reflect.NativeMethodAccessorImpl.invoke(Unknown Source)
at sun.reflect.DelegatingMethodAccessorImpl.invoke(Unknown Source)
at java.lang.reflect.Method.invoke(Unknown Source)
at org.testng.internal.MethodInvocationHelper.invokeMethod(MethodInvocationHelper.java:124)
at org.testng.internal.Invoker.invokeMethod(Invoker.java:580)
at org.testng.internal.Invoker.invokeTestMethod(Invoker.java:716)
at org.testng.internal.Invoker.invokeTestMethods(Invoker.java:988)
at org.testng.internal.TestMethodWorker.invokeTestMethods(TestMethodWorker.java:125)
at org.testng.internal.TestMethodWorker.run(TestMethodWorker.java:109)
at org.testng.TestRunner.privateRun(TestRunner.java:648)
at org.testng.TestRunner.run(TestRunner.java:505)
at org.testng.SuiteRunner.runTest(SuiteRunner.java:455)
at org.testng.SuiteRunner.runSequentially(SuiteRunner.java:450)
at org.testng.SuiteRunner.privateRun(SuiteRunner.java:415)
at org.testng.SuiteRunner.run(SuiteRunner.java:364)
at org.testng.SuiteRunnerWorker.runSuite(SuiteRunnerWorker.java:52)
at org.testng.SuiteRunnerWorker.run(SuiteRunnerWorker.java:84)
at org.testng.TestNG.runSuitesSequentially(TestNG.java:1208)
at org.testng.TestNG.runSuitesLocally(TestNG.java:1137)
at org.testng.TestNG.runSuites(TestNG.java:1049)
at org.testng.TestNG.run(TestNG.java:1017)
at org.testng.remote.AbstractRemoteTestNG.run(AbstractRemoteTestNG.java:114)
at org.testng.remote.RemoteTestNG.initAndRun(RemoteTestNG.java:251)
at org.testng.remote.RemoteTestNG.main(RemoteTestNG.java:77)
]]>
    </error>
  </testcase> <!-- verifyFeaturesPageTitle -->
  <testcase name="verifyTryTorenzoForFree" time="5.239" classname="com.torenzosite.qa.testcases.FeaturePageTest">
    <error type="org.openqa.selenium.ElementClickInterceptedException" message="Element not clickable at point (672,44). Other element would receive the click: &lt;div class=&quot;col-md-10 col-md-offset-1&quot;&gt;
&lt;h1 class=&quot;font-36 uppercase&quot;&gt;&lt;strong&gt;Torenzo Point of Sale Solutions:&lt;br class=&quot;visible-lg visible-md&quot;&gt; &lt;span class=&quot;font-48&quot;&gt;Powerful. Affordable. Easy to Use.&lt;/span&gt;&lt;/strong&gt;&lt;/h1&gt;

&lt;p class=&quot;font-18 margin-0 margin-top-40&quot;&gt;&lt;strong&gt;Start your 30-day free trial today!&lt;/strong&gt;&lt;/p&gt;
&lt;div class=&quot;gf_browser_unknown gform_wrapper&quot; id=&quot;gform_wrapper_7&quot;&gt;
&lt;form id=&quot;gform_7&quot; action=&quot;/&quot; enctype=&quot;multipart/form-data&quot; method=&quot;post&quot;&gt;
&lt;div class=&quot;gform_body&quot;&gt;
&lt;ul class=&quot;gform_fields top_label form_sublabel_below description_below&quot; id=&quot;gform_fields_7&quot;&gt;
&lt;li class=&quot;gfield gfield_contains_required field_sublabel_below field_description_below gfield_visibility_visible&quot; id=&quot;field_7_1&quot;&gt;&lt;label class=&quot;gfield_label&quot; for=&quot;input_7_1&quot;&gt;Email&lt;span class=&quot;gfield_required&quot;&gt;*&lt;/span&gt;&lt;/label&gt;
&lt;div class=&quot;ginput_container ginput_container_email&quot;&gt;
                            &lt;input name=&quot;input_1&quot; class=&quot;large form-control&quot; id=&quot;input_7_1&quot; aria-invalid=&quot;false&quot; aria-required=&quot;true&quot; type=&quot;text&quot; placeholder=&quot;Email Address&quot; value=&quot;&quot;&gt;
                        &lt;/div&gt;
&lt;/li&gt;
&lt;li class=&quot;gfield gform_validation_container field_sublabel_below field_description_below gfield_visibility_visible&quot; id=&quot;field_7_2&quot;&gt;&lt;label class=&quot;gfield_label&quot; for=&quot;input_7_2&quot;&gt;Phone&lt;/label&gt;
&lt;div class=&quot;ginput_container&quot;&gt;&lt;input name=&quot;input_2&quot; class=&quot;form-control&quot; id=&quot;input_7_2&quot; type=&quot;text&quot; value=&quot;&quot;&gt;&lt;/div&gt;
&lt;div class=&quot;gfield_description&quot;&gt;This field is for validation purposes and should be left unchanged.&lt;/div&gt;
&lt;/li&gt;
&lt;/ul&gt;
&lt;/div&gt;
&lt;div class=&quot;gform_footer top_label&quot;&gt; &lt;input class=&quot;gform_button btn btn-primary controls&quot; id=&quot;gform_submit_button_7&quot; onkeypress=&#039;if( event.keyCode == 13 ){ if(window[&quot;gf_submitting_7&quot;]){return false;} window[&quot;gf_submitting_7&quot;]=true;  jQuery(&quot;#gform_7&quot;).trigger(&quot;submit&quot;,[true]); }&#039; onclick=&#039;if(window[&quot;gf_submitting_7&quot;]){return false;}  window[&quot;gf_submitting_7&quot;]=true;  &#039; type=&quot;submit&quot; value=&quot;CLICK HERE TO TRY TORENZO FOR FREE&quot;&gt;
            &lt;input name=&quot;is_submit_7&quot; class=&quot;gform_hidden&quot; type=&quot;hidden&quot; value=&quot;1&quot;&gt;
            &lt;input name=&quot;gform_submit&quot; class=&quot;gform_hidden&quot; type=&quot;hidden&quot; value=&quot;7&quot;&gt;
&lt;p&gt;            &lt;input name=&quot;gform_unique_id&quot; class=&quot;gform_hidden&quot; type=&quot;hidden&quot; value=&quot;&quot;&gt;
            &lt;input name=&quot;state_7&quot; class=&quot;gform_hidden&quot; type=&quot;hidden&quot; value=&quot;WyJbXSIsIjgwMzA3ZjFmNDk5NWVkM2JiZGNjZDUzMWY0YjA3ZGU0Il0=&quot;&gt;
            &lt;input name=&quot;gform_target_page_number_7&quot; class=&quot;gform_hidden&quot; id=&quot;gform_target_page_number_7&quot; type=&quot;hidden&quot; value=&quot;0&quot;&gt;
            &lt;input name=&quot;gform_source_page_number_7&quot; class=&quot;gform_hidden&quot; id=&quot;gform_source_page_number_7&quot; type=&quot;hidden&quot; value=&quot;1&quot;&gt;
            &lt;input name=&quot;gform_field_values&quot; type=&quot;hidden&quot; value=&quot;&quot;&gt;&lt;/p&gt;&lt;/div&gt;
&lt;/form&gt;
&lt;/div&gt;
&lt;p&gt;&lt;script type=&quot;text/javascript&quot;&gt; if(typeof gf_global == &#039;undefined&#039;) var gf_global = {&quot;gf_currency_config&quot;:{&quot;name&quot;:&quot;U.S. Dollar&quot;,&quot;symbol_left&quot;:&quot;$&quot;,&quot;symbol_right&quot;:&quot;&quot;,&quot;symbol_padding&quot;:&quot;&quot;,&quot;thousand_separator&quot;:&quot;,&quot;,&quot;decimal_separator&quot;:&quot;.&quot;,&quot;decimals&quot;:2},&quot;base_url&quot;:&quot;http:\/\/www.torenzo.com\/wp-content\/plugins\/gravityforms&quot;,&quot;number_formats&quot;:[],&quot;spinnerUrl&quot;:&quot;http:\/\/www.torenzo.com\/wp-content\/plugins\/gravityforms\/images\/spinner.gif&quot;};jQuery(document).bind(&#039;gform_post_render&#039;, function(event, formId, currentPage){if(formId == 7) {if(typeof Placeholders != &#039;undefined&#039;){
                        Placeholders.enable();
                    }} } );jQuery(document).bind(&#039;gform_post_conditional_logic&#039;, function(event, formId, fields, isInit){} );&lt;/script&gt;&lt;script type=&quot;text/javascript&quot;&gt; jQuery(document).ready(function(){jQuery(document).trigger(&#039;gform_post_render&#039;, [7, 1]) } ); &lt;/script&gt;
&lt;/p&gt;&lt;/div&gt;
Build info: version: &#039;3.14.0&#039;, revision: &#039;aacccce0&#039;, time: &#039;2018-08-02T20:19:58.91Z&#039;
System info: host: &#039;DESKTOP-A3DICO7&#039;, ip: &#039;169.254.38.26&#039;, os.name: &#039;Windows 10&#039;, os.arch: &#039;amd64&#039;, os.version: &#039;10.0&#039;, java.version: &#039;1.8.0_131&#039;
Driver info: org.openqa.selenium.ie.InternetExplorerDriver
Capabilities {acceptInsecureCerts: false, browserName: internet explorer, browserVersion: 11, javascriptEnabled: true, pageLoadStrategy: normal, platform: WINDOWS, platformName: WINDOWS, proxy: Proxy(), se:ieOptions: {browserAttachTimeout: 0, elementScrollBehavior: 0, enablePersistentHover: true, ie.browserCommandLineSwitches: , ie.ensureCleanSession: false, ie.fileUploadDialogTimeout: 3000, ie.forceCreateProcessApi: false, ignoreProtectedModeSettings: false, ignoreZoomSetting: false, initialBrowserUrl: http://localhost:33077/, nativeEvents: true, requireWindowFocus: false}, setWindowRect: true, timeouts: {implicit: 0, pageLoad: 300000, script: 30000}}
Session ID: 63a8971c-114f-4506-b6bf-34e2284e1f89">
      <![CDATA[org.openqa.selenium.ElementClickInterceptedException: Element not clickable at point (672,44). Other element would receive the click: <div class="col-md-10 col-md-offset-1">
<h1 class="font-36 uppercase"><strong>Torenzo Point of Sale Solutions:<br class="visible-lg visible-md"> <span class="font-48">Powerful. Affordable. Easy to Use.</span></strong></h1>

<p class="font-18 margin-0 margin-top-40"><strong>Start your 30-day free trial today!</strong></p>
<div class="gf_browser_unknown gform_wrapper" id="gform_wrapper_7">
<form id="gform_7" action="/" enctype="multipart/form-data" method="post">
<div class="gform_body">
<ul class="gform_fields top_label form_sublabel_below description_below" id="gform_fields_7">
<li class="gfield gfield_contains_required field_sublabel_below field_description_below gfield_visibility_visible" id="field_7_1"><label class="gfield_label" for="input_7_1">Email<span class="gfield_required">*</span></label>
<div class="ginput_container ginput_container_email">
                            <input name="input_1" class="large form-control" id="input_7_1" aria-invalid="false" aria-required="true" type="text" placeholder="Email Address" value="">
                        </div>
</li>
<li class="gfield gform_validation_container field_sublabel_below field_description_below gfield_visibility_visible" id="field_7_2"><label class="gfield_label" for="input_7_2">Phone</label>
<div class="ginput_container"><input name="input_2" class="form-control" id="input_7_2" type="text" value=""></div>
<div class="gfield_description">This field is for validation purposes and should be left unchanged.</div>
</li>
</ul>
</div>
<div class="gform_footer top_label"> <input class="gform_button btn btn-primary controls" id="gform_submit_button_7" onkeypress='if( event.keyCode == 13 ){ if(window["gf_submitting_7"]){return false;} window["gf_submitting_7"]=true;  jQuery("#gform_7").trigger("submit",[true]); }' onclick='if(window["gf_submitting_7"]){return false;}  window["gf_submitting_7"]=true;  ' type="submit" value="CLICK HERE TO TRY TORENZO FOR FREE">
            <input name="is_submit_7" class="gform_hidden" type="hidden" value="1">
            <input name="gform_submit" class="gform_hidden" type="hidden" value="7">
<p>            <input name="gform_unique_id" class="gform_hidden" type="hidden" value="">
            <input name="state_7" class="gform_hidden" type="hidden" value="WyJbXSIsIjgwMzA3ZjFmNDk5NWVkM2JiZGNjZDUzMWY0YjA3ZGU0Il0=">
            <input name="gform_target_page_number_7" class="gform_hidden" id="gform_target_page_number_7" type="hidden" value="0">
            <input name="gform_source_page_number_7" class="gform_hidden" id="gform_source_page_number_7" type="hidden" value="1">
            <input name="gform_field_values" type="hidden" value=""></p></div>
</form>
</div>
<p><script type="text/javascript"> if(typeof gf_global == 'undefined') var gf_global = {"gf_currency_config":{"name":"U.S. Dollar","symbol_left":"$","symbol_right":"","symbol_padding":"","thousand_separator":",","decimal_separator":".","decimals":2},"base_url":"http:\/\/www.torenzo.com\/wp-content\/plugins\/gravityforms","number_formats":[],"spinnerUrl":"http:\/\/www.torenzo.com\/wp-content\/plugins\/gravityforms\/images\/spinner.gif"};jQuery(document).bind('gform_post_render', function(event, formId, currentPage){if(formId == 7) {if(typeof Placeholders != 'undefined'){
                        Placeholders.enable();
                    }} } );jQuery(document).bind('gform_post_conditional_logic', function(event, formId, fields, isInit){} );</script><script type="text/javascript"> jQuery(document).ready(function(){jQuery(document).trigger('gform_post_render', [7, 1]) } ); </script>
</p></div>
Build info: version: '3.14.0', revision: 'aacccce0', time: '2018-08-02T20:19:58.91Z'
System info: host: 'DESKTOP-A3DICO7', ip: '169.254.38.26', os.name: 'Windows 10', os.arch: 'amd64', os.version: '10.0', java.version: '1.8.0_131'
Driver info: org.openqa.selenium.ie.InternetExplorerDriver
Capabilities {acceptInsecureCerts: false, browserName: internet explorer, browserVersion: 11, javascriptEnabled: true, pageLoadStrategy: normal, platform: WINDOWS, platformName: WINDOWS, proxy: Proxy(), se:ieOptions: {browserAttachTimeout: 0, elementScrollBehavior: 0, enablePersistentHover: true, ie.browserCommandLineSwitches: , ie.ensureCleanSession: false, ie.fileUploadDialogTimeout: 3000, ie.forceCreateProcessApi: false, ignoreProtectedModeSettings: false, ignoreZoomSetting: false, initialBrowserUrl: http://localhost:33077/, nativeEvents: true, requireWindowFocus: false}, setWindowRect: true, timeouts: {implicit: 0, pageLoad: 300000, script: 30000}}
Session ID: 63a8971c-114f-4506-b6bf-34e2284e1f89
at sun.reflect.NativeConstructorAccessorImpl.newInstance0(Native Method)
at sun.reflect.NativeConstructorAccessorImpl.newInstance(Unknown Source)
at sun.reflect.DelegatingConstructorAccessorImpl.newInstance(Unknown Source)
at java.lang.reflect.Constructor.newInstance(Unknown Source)
at org.openqa.selenium.remote.http.W3CHttpResponseCodec.createException(W3CHttpResponseCodec.java:187)
at org.openqa.selenium.remote.http.W3CHttpResponseCodec.decode(W3CHttpResponseCodec.java:122)
at org.openqa.selenium.remote.http.W3CHttpResponseCodec.decode(W3CHttpResponseCodec.java:49)
at org.openqa.selenium.remote.HttpCommandExecutor.execute(HttpCommandExecutor.java:158)
at org.openqa.selenium.remote.service.DriverCommandExecutor.execute(DriverCommandExecutor.java:83)
at org.openqa.selenium.remote.RemoteWebDriver.execute(RemoteWebDriver.java:548)
at org.openqa.selenium.remote.RemoteWebElement.execute(RemoteWebElement.java:276)
at org.openqa.selenium.remote.RemoteWebElement.click(RemoteWebElement.java:83)
at sun.reflect.NativeMethodAccessorImpl.invoke0(Native Method)
at sun.reflect.NativeMethodAccessorImpl.invoke(Unknown Source)
at sun.reflect.DelegatingMethodAccessorImpl.invoke(Unknown Source)
at java.lang.reflect.Method.invoke(Unknown Source)
at org.openqa.selenium.support.pagefactory.internal.LocatingElementHandler.invoke(LocatingElementHandler.java:51)
at com.sun.proxy.$Proxy10.click(Unknown Source)
at com.torenzosite.qa.pages.HomePage.clickOnFeatures(HomePage.java:75)
at com.torenzosite.qa.testcases.FeaturePageTest.verifyTryTorenzoForFree(FeaturePageTest.java:88)
at sun.reflect.NativeMethodAccessorImpl.invoke0(Native Method)
at sun.reflect.NativeMethodAccessorImpl.invoke(Unknown Source)
at sun.reflect.DelegatingMethodAccessorImpl.invoke(Unknown Source)
at java.lang.reflect.Method.invoke(Unknown Source)
at org.testng.internal.MethodInvocationHelper.invokeMethod(MethodInvocationHelper.java:124)
at org.testng.internal.Invoker.invokeMethod(Invoker.java:580)
at org.testng.internal.Invoker.invokeTestMethod(Invoker.java:716)
at org.testng.internal.Invoker.invokeTestMethods(Invoker.java:988)
at org.testng.internal.TestMethodWorker.invokeTestMethods(TestMethodWorker.java:125)
at org.testng.internal.TestMethodWorker.run(TestMethodWorker.java:109)
at org.testng.TestRunner.privateRun(TestRunner.java:648)
at org.testng.TestRunner.run(TestRunner.java:505)
at org.testng.SuiteRunner.runTest(SuiteRunner.java:455)
at org.testng.SuiteRunner.runSequentially(SuiteRunner.java:450)
at org.testng.SuiteRunner.privateRun(SuiteRunner.java:415)
at org.testng.SuiteRunner.run(SuiteRunner.java:364)
at org.testng.SuiteRunnerWorker.runSuite(SuiteRunnerWorker.java:52)
at org.testng.SuiteRunnerWorker.run(SuiteRunnerWorker.java:84)
at org.testng.TestNG.runSuitesSequentially(TestNG.java:1208)
at org.testng.TestNG.runSuitesLocally(TestNG.java:1137)
at org.testng.TestNG.runSuites(TestNG.java:1049)
at org.testng.TestNG.run(TestNG.java:1017)
at org.testng.remote.AbstractRemoteTestNG.run(AbstractRemoteTestNG.java:114)
at org.testng.remote.RemoteTestNG.initAndRun(RemoteTestNG.java:251)
at org.testng.remote.RemoteTestNG.main(RemoteTestNG.java:77)
]]>
    </error>
  </testcase> <!-- verifyTryTorenzoForFree -->
  <testcase name="closeToForm" time="5.594" classname="com.torenzosite.qa.testcases.FeaturePageTest">
    <error type="org.openqa.selenium.ElementClickInterceptedException" message="Element not clickable at point (672,44). Other element would receive the click: &lt;div class=&quot;col-md-10 col-md-offset-1&quot;&gt;
&lt;h1 class=&quot;font-36 uppercase&quot;&gt;&lt;strong&gt;Torenzo Point of Sale Solutions:&lt;br class=&quot;visible-lg visible-md&quot;&gt; &lt;span class=&quot;font-48&quot;&gt;Powerful. Affordable. Easy to Use.&lt;/span&gt;&lt;/strong&gt;&lt;/h1&gt;

&lt;p class=&quot;font-18 margin-0 margin-top-40&quot;&gt;&lt;strong&gt;Start your 30-day free trial today!&lt;/strong&gt;&lt;/p&gt;
&lt;div class=&quot;gf_browser_unknown gform_wrapper&quot; id=&quot;gform_wrapper_7&quot;&gt;
&lt;form id=&quot;gform_7&quot; action=&quot;/&quot; enctype=&quot;multipart/form-data&quot; method=&quot;post&quot;&gt;
&lt;div class=&quot;gform_body&quot;&gt;
&lt;ul class=&quot;gform_fields top_label form_sublabel_below description_below&quot; id=&quot;gform_fields_7&quot;&gt;
&lt;li class=&quot;gfield gfield_contains_required field_sublabel_below field_description_below gfield_visibility_visible&quot; id=&quot;field_7_1&quot;&gt;&lt;label class=&quot;gfield_label&quot; for=&quot;input_7_1&quot;&gt;Email&lt;span class=&quot;gfield_required&quot;&gt;*&lt;/span&gt;&lt;/label&gt;
&lt;div class=&quot;ginput_container ginput_container_email&quot;&gt;
                            &lt;input name=&quot;input_1&quot; class=&quot;large form-control&quot; id=&quot;input_7_1&quot; aria-invalid=&quot;false&quot; aria-required=&quot;true&quot; type=&quot;text&quot; placeholder=&quot;Email Address&quot; value=&quot;&quot;&gt;
                        &lt;/div&gt;
&lt;/li&gt;
&lt;li class=&quot;gfield gform_validation_container field_sublabel_below field_description_below gfield_visibility_visible&quot; id=&quot;field_7_2&quot;&gt;&lt;label class=&quot;gfield_label&quot; for=&quot;input_7_2&quot;&gt;Phone&lt;/label&gt;
&lt;div class=&quot;ginput_container&quot;&gt;&lt;input name=&quot;input_2&quot; class=&quot;form-control&quot; id=&quot;input_7_2&quot; type=&quot;text&quot; value=&quot;&quot;&gt;&lt;/div&gt;
&lt;div class=&quot;gfield_description&quot;&gt;This field is for validation purposes and should be left unchanged.&lt;/div&gt;
&lt;/li&gt;
&lt;/ul&gt;
&lt;/div&gt;
&lt;div class=&quot;gform_footer top_label&quot;&gt; &lt;input class=&quot;gform_button btn btn-primary controls&quot; id=&quot;gform_submit_button_7&quot; onkeypress=&#039;if( event.keyCode == 13 ){ if(window[&quot;gf_submitting_7&quot;]){return false;} window[&quot;gf_submitting_7&quot;]=true;  jQuery(&quot;#gform_7&quot;).trigger(&quot;submit&quot;,[true]); }&#039; onclick=&#039;if(window[&quot;gf_submitting_7&quot;]){return false;}  window[&quot;gf_submitting_7&quot;]=true;  &#039; type=&quot;submit&quot; value=&quot;CLICK HERE TO TRY TORENZO FOR FREE&quot;&gt;
            &lt;input name=&quot;is_submit_7&quot; class=&quot;gform_hidden&quot; type=&quot;hidden&quot; value=&quot;1&quot;&gt;
            &lt;input name=&quot;gform_submit&quot; class=&quot;gform_hidden&quot; type=&quot;hidden&quot; value=&quot;7&quot;&gt;
&lt;p&gt;            &lt;input name=&quot;gform_unique_id&quot; class=&quot;gform_hidden&quot; type=&quot;hidden&quot; value=&quot;&quot;&gt;
            &lt;input name=&quot;state_7&quot; class=&quot;gform_hidden&quot; type=&quot;hidden&quot; value=&quot;WyJbXSIsIjgwMzA3ZjFmNDk5NWVkM2JiZGNjZDUzMWY0YjA3ZGU0Il0=&quot;&gt;
            &lt;input name=&quot;gform_target_page_number_7&quot; class=&quot;gform_hidden&quot; id=&quot;gform_target_page_number_7&quot; type=&quot;hidden&quot; value=&quot;0&quot;&gt;
            &lt;input name=&quot;gform_source_page_number_7&quot; class=&quot;gform_hidden&quot; id=&quot;gform_source_page_number_7&quot; type=&quot;hidden&quot; value=&quot;1&quot;&gt;
            &lt;input name=&quot;gform_field_values&quot; type=&quot;hidden&quot; value=&quot;&quot;&gt;&lt;/p&gt;&lt;/div&gt;
&lt;/form&gt;
&lt;/div&gt;
&lt;p&gt;&lt;script type=&quot;text/javascript&quot;&gt; if(typeof gf_global == &#039;undefined&#039;) var gf_global = {&quot;gf_currency_config&quot;:{&quot;name&quot;:&quot;U.S. Dollar&quot;,&quot;symbol_left&quot;:&quot;$&quot;,&quot;symbol_right&quot;:&quot;&quot;,&quot;symbol_padding&quot;:&quot;&quot;,&quot;thousand_separator&quot;:&quot;,&quot;,&quot;decimal_separator&quot;:&quot;.&quot;,&quot;decimals&quot;:2},&quot;base_url&quot;:&quot;http:\/\/www.torenzo.com\/wp-content\/plugins\/gravityforms&quot;,&quot;number_formats&quot;:[],&quot;spinnerUrl&quot;:&quot;http:\/\/www.torenzo.com\/wp-content\/plugins\/gravityforms\/images\/spinner.gif&quot;};jQuery(document).bind(&#039;gform_post_render&#039;, function(event, formId, currentPage){if(formId == 7) {if(typeof Placeholders != &#039;undefined&#039;){
                        Placeholders.enable();
                    }} } );jQuery(document).bind(&#039;gform_post_conditional_logic&#039;, function(event, formId, fields, isInit){} );&lt;/script&gt;&lt;script type=&quot;text/javascript&quot;&gt; jQuery(document).ready(function(){jQuery(document).trigger(&#039;gform_post_render&#039;, [7, 1]) } ); &lt;/script&gt;
&lt;/p&gt;&lt;/div&gt;
Build info: version: &#039;3.14.0&#039;, revision: &#039;aacccce0&#039;, time: &#039;2018-08-02T20:19:58.91Z&#039;
System info: host: &#039;DESKTOP-A3DICO7&#039;, ip: &#039;169.254.38.26&#039;, os.name: &#039;Windows 10&#039;, os.arch: &#039;amd64&#039;, os.version: &#039;10.0&#039;, java.version: &#039;1.8.0_131&#039;
Driver info: org.openqa.selenium.ie.InternetExplorerDriver
Capabilities {acceptInsecureCerts: false, browserName: internet explorer, browserVersion: 11, javascriptEnabled: true, pageLoadStrategy: normal, platform: WINDOWS, platformName: WINDOWS, proxy: Proxy(), se:ieOptions: {browserAttachTimeout: 0, elementScrollBehavior: 0, enablePersistentHover: true, ie.browserCommandLineSwitches: , ie.ensureCleanSession: false, ie.fileUploadDialogTimeout: 3000, ie.forceCreateProcessApi: false, ignoreProtectedModeSettings: false, ignoreZoomSetting: false, initialBrowserUrl: http://localhost:28007/, nativeEvents: true, requireWindowFocus: false}, setWindowRect: true, timeouts: {implicit: 0, pageLoad: 300000, script: 30000}}
Session ID: f2b35c23-e695-4bd4-b35c-2c01c254ce0c">
      <![CDATA[org.openqa.selenium.ElementClickInterceptedException: Element not clickable at point (672,44). Other element would receive the click: <div class="col-md-10 col-md-offset-1">
<h1 class="font-36 uppercase"><strong>Torenzo Point of Sale Solutions:<br class="visible-lg visible-md"> <span class="font-48">Powerful. Affordable. Easy to Use.</span></strong></h1>

<p class="font-18 margin-0 margin-top-40"><strong>Start your 30-day free trial today!</strong></p>
<div class="gf_browser_unknown gform_wrapper" id="gform_wrapper_7">
<form id="gform_7" action="/" enctype="multipart/form-data" method="post">
<div class="gform_body">
<ul class="gform_fields top_label form_sublabel_below description_below" id="gform_fields_7">
<li class="gfield gfield_contains_required field_sublabel_below field_description_below gfield_visibility_visible" id="field_7_1"><label class="gfield_label" for="input_7_1">Email<span class="gfield_required">*</span></label>
<div class="ginput_container ginput_container_email">
                            <input name="input_1" class="large form-control" id="input_7_1" aria-invalid="false" aria-required="true" type="text" placeholder="Email Address" value="">
                        </div>
</li>
<li class="gfield gform_validation_container field_sublabel_below field_description_below gfield_visibility_visible" id="field_7_2"><label class="gfield_label" for="input_7_2">Phone</label>
<div class="ginput_container"><input name="input_2" class="form-control" id="input_7_2" type="text" value=""></div>
<div class="gfield_description">This field is for validation purposes and should be left unchanged.</div>
</li>
</ul>
</div>
<div class="gform_footer top_label"> <input class="gform_button btn btn-primary controls" id="gform_submit_button_7" onkeypress='if( event.keyCode == 13 ){ if(window["gf_submitting_7"]){return false;} window["gf_submitting_7"]=true;  jQuery("#gform_7").trigger("submit",[true]); }' onclick='if(window["gf_submitting_7"]){return false;}  window["gf_submitting_7"]=true;  ' type="submit" value="CLICK HERE TO TRY TORENZO FOR FREE">
            <input name="is_submit_7" class="gform_hidden" type="hidden" value="1">
            <input name="gform_submit" class="gform_hidden" type="hidden" value="7">
<p>            <input name="gform_unique_id" class="gform_hidden" type="hidden" value="">
            <input name="state_7" class="gform_hidden" type="hidden" value="WyJbXSIsIjgwMzA3ZjFmNDk5NWVkM2JiZGNjZDUzMWY0YjA3ZGU0Il0=">
            <input name="gform_target_page_number_7" class="gform_hidden" id="gform_target_page_number_7" type="hidden" value="0">
            <input name="gform_source_page_number_7" class="gform_hidden" id="gform_source_page_number_7" type="hidden" value="1">
            <input name="gform_field_values" type="hidden" value=""></p></div>
</form>
</div>
<p><script type="text/javascript"> if(typeof gf_global == 'undefined') var gf_global = {"gf_currency_config":{"name":"U.S. Dollar","symbol_left":"$","symbol_right":"","symbol_padding":"","thousand_separator":",","decimal_separator":".","decimals":2},"base_url":"http:\/\/www.torenzo.com\/wp-content\/plugins\/gravityforms","number_formats":[],"spinnerUrl":"http:\/\/www.torenzo.com\/wp-content\/plugins\/gravityforms\/images\/spinner.gif"};jQuery(document).bind('gform_post_render', function(event, formId, currentPage){if(formId == 7) {if(typeof Placeholders != 'undefined'){
                        Placeholders.enable();
                    }} } );jQuery(document).bind('gform_post_conditional_logic', function(event, formId, fields, isInit){} );</script><script type="text/javascript"> jQuery(document).ready(function(){jQuery(document).trigger('gform_post_render', [7, 1]) } ); </script>
</p></div>
Build info: version: '3.14.0', revision: 'aacccce0', time: '2018-08-02T20:19:58.91Z'
System info: host: 'DESKTOP-A3DICO7', ip: '169.254.38.26', os.name: 'Windows 10', os.arch: 'amd64', os.version: '10.0', java.version: '1.8.0_131'
Driver info: org.openqa.selenium.ie.InternetExplorerDriver
Capabilities {acceptInsecureCerts: false, browserName: internet explorer, browserVersion: 11, javascriptEnabled: true, pageLoadStrategy: normal, platform: WINDOWS, platformName: WINDOWS, proxy: Proxy(), se:ieOptions: {browserAttachTimeout: 0, elementScrollBehavior: 0, enablePersistentHover: true, ie.browserCommandLineSwitches: , ie.ensureCleanSession: false, ie.fileUploadDialogTimeout: 3000, ie.forceCreateProcessApi: false, ignoreProtectedModeSettings: false, ignoreZoomSetting: false, initialBrowserUrl: http://localhost:28007/, nativeEvents: true, requireWindowFocus: false}, setWindowRect: true, timeouts: {implicit: 0, pageLoad: 300000, script: 30000}}
Session ID: f2b35c23-e695-4bd4-b35c-2c01c254ce0c
at sun.reflect.NativeConstructorAccessorImpl.newInstance0(Native Method)
at sun.reflect.NativeConstructorAccessorImpl.newInstance(Unknown Source)
at sun.reflect.DelegatingConstructorAccessorImpl.newInstance(Unknown Source)
at java.lang.reflect.Constructor.newInstance(Unknown Source)
at org.openqa.selenium.remote.http.W3CHttpResponseCodec.createException(W3CHttpResponseCodec.java:187)
at org.openqa.selenium.remote.http.W3CHttpResponseCodec.decode(W3CHttpResponseCodec.java:122)
at org.openqa.selenium.remote.http.W3CHttpResponseCodec.decode(W3CHttpResponseCodec.java:49)
at org.openqa.selenium.remote.HttpCommandExecutor.execute(HttpCommandExecutor.java:158)
at org.openqa.selenium.remote.service.DriverCommandExecutor.execute(DriverCommandExecutor.java:83)
at org.openqa.selenium.remote.RemoteWebDriver.execute(RemoteWebDriver.java:548)
at org.openqa.selenium.remote.RemoteWebElement.execute(RemoteWebElement.java:276)
at org.openqa.selenium.remote.RemoteWebElement.click(RemoteWebElement.java:83)
at sun.reflect.NativeMethodAccessorImpl.invoke0(Native Method)
at sun.reflect.NativeMethodAccessorImpl.invoke(Unknown Source)
at sun.reflect.DelegatingMethodAccessorImpl.invoke(Unknown Source)
at java.lang.reflect.Method.invoke(Unknown Source)
at org.openqa.selenium.support.pagefactory.internal.LocatingElementHandler.invoke(LocatingElementHandler.java:51)
at com.sun.proxy.$Proxy10.click(Unknown Source)
at com.torenzosite.qa.pages.HomePage.clickOnFeatures(HomePage.java:75)
at com.torenzosite.qa.testcases.FeaturePageTest.closeToForm(FeaturePageTest.java:105)
at sun.reflect.NativeMethodAccessorImpl.invoke0(Native Method)
at sun.reflect.NativeMethodAccessorImpl.invoke(Unknown Source)
at sun.reflect.DelegatingMethodAccessorImpl.invoke(Unknown Source)
at java.lang.reflect.Method.invoke(Unknown Source)
at org.testng.internal.MethodInvocationHelper.invokeMethod(MethodInvocationHelper.java:124)
at org.testng.internal.Invoker.invokeMethod(Invoker.java:580)
at org.testng.internal.Invoker.invokeTestMethod(Invoker.java:716)
at org.testng.internal.Invoker.invokeTestMethods(Invoker.java:988)
at org.testng.internal.TestMethodWorker.invokeTestMethods(TestMethodWorker.java:125)
at org.testng.internal.TestMethodWorker.run(TestMethodWorker.java:109)
at org.testng.TestRunner.privateRun(TestRunner.java:648)
at org.testng.TestRunner.run(TestRunner.java:505)
at org.testng.SuiteRunner.runTest(SuiteRunner.java:455)
at org.testng.SuiteRunner.runSequentially(SuiteRunner.java:450)
at org.testng.SuiteRunner.privateRun(SuiteRunner.java:415)
at org.testng.SuiteRunner.run(SuiteRunner.java:364)
at org.testng.SuiteRunnerWorker.runSuite(SuiteRunnerWorker.java:52)
at org.testng.SuiteRunnerWorker.run(SuiteRunnerWorker.java:84)
at org.testng.TestNG.runSuitesSequentially(TestNG.java:1208)
at org.testng.TestNG.runSuitesLocally(TestNG.java:1137)
at org.testng.TestNG.runSuites(TestNG.java:1049)
at org.testng.TestNG.run(TestNG.java:1017)
at org.testng.remote.AbstractRemoteTestNG.run(AbstractRemoteTestNG.java:114)
at org.testng.remote.RemoteTestNG.initAndRun(RemoteTestNG.java:251)
at org.testng.remote.RemoteTestNG.main(RemoteTestNG.java:77)
]]>
    </error>
  </testcase> <!-- closeToForm -->
  <testcase name="fillFormFromFeaturePage" time="4.676" classname="com.torenzosite.qa.testcases.FeaturePageTest">
    <error type="org.openqa.selenium.ElementClickInterceptedException" message="Element not clickable at point (672,44). Other element would receive the click: &lt;div class=&quot;col-md-10 col-md-offset-1&quot;&gt;
&lt;h1 class=&quot;font-36 uppercase&quot;&gt;&lt;strong&gt;Torenzo Point of Sale Solutions:&lt;br class=&quot;visible-lg visible-md&quot;&gt; &lt;span class=&quot;font-48&quot;&gt;Powerful. Affordable. Easy to Use.&lt;/span&gt;&lt;/strong&gt;&lt;/h1&gt;

&lt;p class=&quot;font-18 margin-0 margin-top-40&quot;&gt;&lt;strong&gt;Start your 30-day free trial today!&lt;/strong&gt;&lt;/p&gt;
&lt;div class=&quot;gf_browser_unknown gform_wrapper&quot; id=&quot;gform_wrapper_7&quot;&gt;
&lt;form id=&quot;gform_7&quot; action=&quot;/&quot; enctype=&quot;multipart/form-data&quot; method=&quot;post&quot;&gt;
&lt;div class=&quot;gform_body&quot;&gt;
&lt;ul class=&quot;gform_fields top_label form_sublabel_below description_below&quot; id=&quot;gform_fields_7&quot;&gt;
&lt;li class=&quot;gfield gfield_contains_required field_sublabel_below field_description_below gfield_visibility_visible&quot; id=&quot;field_7_1&quot;&gt;&lt;label class=&quot;gfield_label&quot; for=&quot;input_7_1&quot;&gt;Email&lt;span class=&quot;gfield_required&quot;&gt;*&lt;/span&gt;&lt;/label&gt;
&lt;div class=&quot;ginput_container ginput_container_email&quot;&gt;
                            &lt;input name=&quot;input_1&quot; class=&quot;large form-control&quot; id=&quot;input_7_1&quot; aria-invalid=&quot;false&quot; aria-required=&quot;true&quot; type=&quot;text&quot; placeholder=&quot;Email Address&quot; value=&quot;&quot;&gt;
                        &lt;/div&gt;
&lt;/li&gt;
&lt;li class=&quot;gfield gform_validation_container field_sublabel_below field_description_below gfield_visibility_visible&quot; id=&quot;field_7_2&quot;&gt;&lt;label class=&quot;gfield_label&quot; for=&quot;input_7_2&quot;&gt;Phone&lt;/label&gt;
&lt;div class=&quot;ginput_container&quot;&gt;&lt;input name=&quot;input_2&quot; class=&quot;form-control&quot; id=&quot;input_7_2&quot; type=&quot;text&quot; value=&quot;&quot;&gt;&lt;/div&gt;
&lt;div class=&quot;gfield_description&quot;&gt;This field is for validation purposes and should be left unchanged.&lt;/div&gt;
&lt;/li&gt;
&lt;/ul&gt;
&lt;/div&gt;
&lt;div class=&quot;gform_footer top_label&quot;&gt; &lt;input class=&quot;gform_button btn btn-primary controls&quot; id=&quot;gform_submit_button_7&quot; onkeypress=&#039;if( event.keyCode == 13 ){ if(window[&quot;gf_submitting_7&quot;]){return false;} window[&quot;gf_submitting_7&quot;]=true;  jQuery(&quot;#gform_7&quot;).trigger(&quot;submit&quot;,[true]); }&#039; onclick=&#039;if(window[&quot;gf_submitting_7&quot;]){return false;}  window[&quot;gf_submitting_7&quot;]=true;  &#039; type=&quot;submit&quot; value=&quot;CLICK HERE TO TRY TORENZO FOR FREE&quot;&gt;
            &lt;input name=&quot;is_submit_7&quot; class=&quot;gform_hidden&quot; type=&quot;hidden&quot; value=&quot;1&quot;&gt;
            &lt;input name=&quot;gform_submit&quot; class=&quot;gform_hidden&quot; type=&quot;hidden&quot; value=&quot;7&quot;&gt;
&lt;p&gt;            &lt;input name=&quot;gform_unique_id&quot; class=&quot;gform_hidden&quot; type=&quot;hidden&quot; value=&quot;&quot;&gt;
            &lt;input name=&quot;state_7&quot; class=&quot;gform_hidden&quot; type=&quot;hidden&quot; value=&quot;WyJbXSIsIjgwMzA3ZjFmNDk5NWVkM2JiZGNjZDUzMWY0YjA3ZGU0Il0=&quot;&gt;
            &lt;input name=&quot;gform_target_page_number_7&quot; class=&quot;gform_hidden&quot; id=&quot;gform_target_page_number_7&quot; type=&quot;hidden&quot; value=&quot;0&quot;&gt;
            &lt;input name=&quot;gform_source_page_number_7&quot; class=&quot;gform_hidden&quot; id=&quot;gform_source_page_number_7&quot; type=&quot;hidden&quot; value=&quot;1&quot;&gt;
            &lt;input name=&quot;gform_field_values&quot; type=&quot;hidden&quot; value=&quot;&quot;&gt;&lt;/p&gt;&lt;/div&gt;
&lt;/form&gt;
&lt;/div&gt;
&lt;p&gt;&lt;script type=&quot;text/javascript&quot;&gt; if(typeof gf_global == &#039;undefined&#039;) var gf_global = {&quot;gf_currency_config&quot;:{&quot;name&quot;:&quot;U.S. Dollar&quot;,&quot;symbol_left&quot;:&quot;$&quot;,&quot;symbol_right&quot;:&quot;&quot;,&quot;symbol_padding&quot;:&quot;&quot;,&quot;thousand_separator&quot;:&quot;,&quot;,&quot;decimal_separator&quot;:&quot;.&quot;,&quot;decimals&quot;:2},&quot;base_url&quot;:&quot;http:\/\/www.torenzo.com\/wp-content\/plugins\/gravityforms&quot;,&quot;number_formats&quot;:[],&quot;spinnerUrl&quot;:&quot;http:\/\/www.torenzo.com\/wp-content\/plugins\/gravityforms\/images\/spinner.gif&quot;};jQuery(document).bind(&#039;gform_post_render&#039;, function(event, formId, currentPage){if(formId == 7) {if(typeof Placeholders != &#039;undefined&#039;){
                        Placeholders.enable();
                    }} } );jQuery(document).bind(&#039;gform_post_conditional_logic&#039;, function(event, formId, fields, isInit){} );&lt;/script&gt;&lt;script type=&quot;text/javascript&quot;&gt; jQuery(document).ready(function(){jQuery(document).trigger(&#039;gform_post_render&#039;, [7, 1]) } ); &lt;/script&gt;
&lt;/p&gt;&lt;/div&gt;
Build info: version: &#039;3.14.0&#039;, revision: &#039;aacccce0&#039;, time: &#039;2018-08-02T20:19:58.91Z&#039;
System info: host: &#039;DESKTOP-A3DICO7&#039;, ip: &#039;169.254.38.26&#039;, os.name: &#039;Windows 10&#039;, os.arch: &#039;amd64&#039;, os.version: &#039;10.0&#039;, java.version: &#039;1.8.0_131&#039;
Driver info: org.openqa.selenium.ie.InternetExplorerDriver
Capabilities {acceptInsecureCerts: false, browserName: internet explorer, browserVersion: 11, javascriptEnabled: true, pageLoadStrategy: normal, platform: WINDOWS, platformName: WINDOWS, proxy: Proxy(), se:ieOptions: {browserAttachTimeout: 0, elementScrollBehavior: 0, enablePersistentHover: true, ie.browserCommandLineSwitches: , ie.ensureCleanSession: false, ie.fileUploadDialogTimeout: 3000, ie.forceCreateProcessApi: false, ignoreProtectedModeSettings: false, ignoreZoomSetting: false, initialBrowserUrl: http://localhost:42114/, nativeEvents: true, requireWindowFocus: false}, setWindowRect: true, timeouts: {implicit: 0, pageLoad: 300000, script: 30000}}
Session ID: 85729457-008d-4f66-9715-a0cedb15a501">
      <![CDATA[org.openqa.selenium.ElementClickInterceptedException: Element not clickable at point (672,44). Other element would receive the click: <div class="col-md-10 col-md-offset-1">
<h1 class="font-36 uppercase"><strong>Torenzo Point of Sale Solutions:<br class="visible-lg visible-md"> <span class="font-48">Powerful. Affordable. Easy to Use.</span></strong></h1>

<p class="font-18 margin-0 margin-top-40"><strong>Start your 30-day free trial today!</strong></p>
<div class="gf_browser_unknown gform_wrapper" id="gform_wrapper_7">
<form id="gform_7" action="/" enctype="multipart/form-data" method="post">
<div class="gform_body">
<ul class="gform_fields top_label form_sublabel_below description_below" id="gform_fields_7">
<li class="gfield gfield_contains_required field_sublabel_below field_description_below gfield_visibility_visible" id="field_7_1"><label class="gfield_label" for="input_7_1">Email<span class="gfield_required">*</span></label>
<div class="ginput_container ginput_container_email">
                            <input name="input_1" class="large form-control" id="input_7_1" aria-invalid="false" aria-required="true" type="text" placeholder="Email Address" value="">
                        </div>
</li>
<li class="gfield gform_validation_container field_sublabel_below field_description_below gfield_visibility_visible" id="field_7_2"><label class="gfield_label" for="input_7_2">Phone</label>
<div class="ginput_container"><input name="input_2" class="form-control" id="input_7_2" type="text" value=""></div>
<div class="gfield_description">This field is for validation purposes and should be left unchanged.</div>
</li>
</ul>
</div>
<div class="gform_footer top_label"> <input class="gform_button btn btn-primary controls" id="gform_submit_button_7" onkeypress='if( event.keyCode == 13 ){ if(window["gf_submitting_7"]){return false;} window["gf_submitting_7"]=true;  jQuery("#gform_7").trigger("submit",[true]); }' onclick='if(window["gf_submitting_7"]){return false;}  window["gf_submitting_7"]=true;  ' type="submit" value="CLICK HERE TO TRY TORENZO FOR FREE">
            <input name="is_submit_7" class="gform_hidden" type="hidden" value="1">
            <input name="gform_submit" class="gform_hidden" type="hidden" value="7">
<p>            <input name="gform_unique_id" class="gform_hidden" type="hidden" value="">
            <input name="state_7" class="gform_hidden" type="hidden" value="WyJbXSIsIjgwMzA3ZjFmNDk5NWVkM2JiZGNjZDUzMWY0YjA3ZGU0Il0=">
            <input name="gform_target_page_number_7" class="gform_hidden" id="gform_target_page_number_7" type="hidden" value="0">
            <input name="gform_source_page_number_7" class="gform_hidden" id="gform_source_page_number_7" type="hidden" value="1">
            <input name="gform_field_values" type="hidden" value=""></p></div>
</form>
</div>
<p><script type="text/javascript"> if(typeof gf_global == 'undefined') var gf_global = {"gf_currency_config":{"name":"U.S. Dollar","symbol_left":"$","symbol_right":"","symbol_padding":"","thousand_separator":",","decimal_separator":".","decimals":2},"base_url":"http:\/\/www.torenzo.com\/wp-content\/plugins\/gravityforms","number_formats":[],"spinnerUrl":"http:\/\/www.torenzo.com\/wp-content\/plugins\/gravityforms\/images\/spinner.gif"};jQuery(document).bind('gform_post_render', function(event, formId, currentPage){if(formId == 7) {if(typeof Placeholders != 'undefined'){
                        Placeholders.enable();
                    }} } );jQuery(document).bind('gform_post_conditional_logic', function(event, formId, fields, isInit){} );</script><script type="text/javascript"> jQuery(document).ready(function(){jQuery(document).trigger('gform_post_render', [7, 1]) } ); </script>
</p></div>
Build info: version: '3.14.0', revision: 'aacccce0', time: '2018-08-02T20:19:58.91Z'
System info: host: 'DESKTOP-A3DICO7', ip: '169.254.38.26', os.name: 'Windows 10', os.arch: 'amd64', os.version: '10.0', java.version: '1.8.0_131'
Driver info: org.openqa.selenium.ie.InternetExplorerDriver
Capabilities {acceptInsecureCerts: false, browserName: internet explorer, browserVersion: 11, javascriptEnabled: true, pageLoadStrategy: normal, platform: WINDOWS, platformName: WINDOWS, proxy: Proxy(), se:ieOptions: {browserAttachTimeout: 0, elementScrollBehavior: 0, enablePersistentHover: true, ie.browserCommandLineSwitches: , ie.ensureCleanSession: false, ie.fileUploadDialogTimeout: 3000, ie.forceCreateProcessApi: false, ignoreProtectedModeSettings: false, ignoreZoomSetting: false, initialBrowserUrl: http://localhost:42114/, nativeEvents: true, requireWindowFocus: false}, setWindowRect: true, timeouts: {implicit: 0, pageLoad: 300000, script: 30000}}
Session ID: 85729457-008d-4f66-9715-a0cedb15a501
at sun.reflect.NativeConstructorAccessorImpl.newInstance0(Native Method)
at sun.reflect.NativeConstructorAccessorImpl.newInstance(Unknown Source)
at sun.reflect.DelegatingConstructorAccessorImpl.newInstance(Unknown Source)
at java.lang.reflect.Constructor.newInstance(Unknown Source)
at org.openqa.selenium.remote.http.W3CHttpResponseCodec.createException(W3CHttpResponseCodec.java:187)
at org.openqa.selenium.remote.http.W3CHttpResponseCodec.decode(W3CHttpResponseCodec.java:122)
at org.openqa.selenium.remote.http.W3CHttpResponseCodec.decode(W3CHttpResponseCodec.java:49)
at org.openqa.selenium.remote.HttpCommandExecutor.execute(HttpCommandExecutor.java:158)
at org.openqa.selenium.remote.service.DriverCommandExecutor.execute(DriverCommandExecutor.java:83)
at org.openqa.selenium.remote.RemoteWebDriver.execute(RemoteWebDriver.java:548)
at org.openqa.selenium.remote.RemoteWebElement.execute(RemoteWebElement.java:276)
at org.openqa.selenium.remote.RemoteWebElement.click(RemoteWebElement.java:83)
at sun.reflect.NativeMethodAccessorImpl.invoke0(Native Method)
at sun.reflect.NativeMethodAccessorImpl.invoke(Unknown Source)
at sun.reflect.DelegatingMethodAccessorImpl.invoke(Unknown Source)
at java.lang.reflect.Method.invoke(Unknown Source)
at org.openqa.selenium.support.pagefactory.internal.LocatingElementHandler.invoke(LocatingElementHandler.java:51)
at com.sun.proxy.$Proxy10.click(Unknown Source)
at com.torenzosite.qa.pages.HomePage.clickOnFeatures(HomePage.java:75)
at com.torenzosite.qa.testcases.FeaturePageTest.fillFormFromFeaturePage(FeaturePageTest.java:116)
at sun.reflect.NativeMethodAccessorImpl.invoke0(Native Method)
at sun.reflect.NativeMethodAccessorImpl.invoke(Unknown Source)
at sun.reflect.DelegatingMethodAccessorImpl.invoke(Unknown Source)
at java.lang.reflect.Method.invoke(Unknown Source)
at org.testng.internal.MethodInvocationHelper.invokeMethod(MethodInvocationHelper.java:124)
at org.testng.internal.Invoker.invokeMethod(Invoker.java:580)
at org.testng.internal.Invoker.invokeTestMethod(Invoker.java:716)
at org.testng.internal.Invoker.invokeTestMethods(Invoker.java:988)
at org.testng.internal.TestMethodWorker.invokeTestMethods(TestMethodWorker.java:125)
at org.testng.internal.TestMethodWorker.run(TestMethodWorker.java:109)
at org.testng.TestRunner.privateRun(TestRunner.java:648)
at org.testng.TestRunner.run(TestRunner.java:505)
at org.testng.SuiteRunner.runTest(SuiteRunner.java:455)
at org.testng.SuiteRunner.runSequentially(SuiteRunner.java:450)
at org.testng.SuiteRunner.privateRun(SuiteRunner.java:415)
at org.testng.SuiteRunner.run(SuiteRunner.java:364)
at org.testng.SuiteRunnerWorker.runSuite(SuiteRunnerWorker.java:52)
at org.testng.SuiteRunnerWorker.run(SuiteRunnerWorker.java:84)
at org.testng.TestNG.runSuitesSequentially(TestNG.java:1208)
at org.testng.TestNG.runSuitesLocally(TestNG.java:1137)
at org.testng.TestNG.runSuites(TestNG.java:1049)
at org.testng.TestNG.run(TestNG.java:1017)
at org.testng.remote.AbstractRemoteTestNG.run(AbstractRemoteTestNG.java:114)
at org.testng.remote.RemoteTestNG.initAndRun(RemoteTestNG.java:251)
at org.testng.remote.RemoteTestNG.main(RemoteTestNG.java:77)
]]>
    </error>
  </testcase> <!-- fillFormFromFeaturePage -->
  <testcase name="fillFormWithEmptyData" time="7.261" classname="com.torenzosite.qa.testcases.FeaturePageTest">
    <error type="org.openqa.selenium.ElementClickInterceptedException" message="Element not clickable at point (672,44). Other element would receive the click: &lt;div class=&quot;col-md-10 col-md-offset-1&quot;&gt;
&lt;h1 class=&quot;font-36 uppercase&quot;&gt;&lt;strong&gt;Torenzo Point of Sale Solutions:&lt;br class=&quot;visible-lg visible-md&quot;&gt; &lt;span class=&quot;font-48&quot;&gt;Powerful. Affordable. Easy to Use.&lt;/span&gt;&lt;/strong&gt;&lt;/h1&gt;

&lt;p class=&quot;font-18 margin-0 margin-top-40&quot;&gt;&lt;strong&gt;Start your 30-day free trial today!&lt;/strong&gt;&lt;/p&gt;
&lt;div class=&quot;gf_browser_unknown gform_wrapper&quot; id=&quot;gform_wrapper_7&quot;&gt;
&lt;form id=&quot;gform_7&quot; action=&quot;/&quot; enctype=&quot;multipart/form-data&quot; method=&quot;post&quot;&gt;
&lt;div class=&quot;gform_body&quot;&gt;
&lt;ul class=&quot;gform_fields top_label form_sublabel_below description_below&quot; id=&quot;gform_fields_7&quot;&gt;
&lt;li class=&quot;gfield gfield_contains_required field_sublabel_below field_description_below gfield_visibility_visible&quot; id=&quot;field_7_1&quot;&gt;&lt;label class=&quot;gfield_label&quot; for=&quot;input_7_1&quot;&gt;Email&lt;span class=&quot;gfield_required&quot;&gt;*&lt;/span&gt;&lt;/label&gt;
&lt;div class=&quot;ginput_container ginput_container_email&quot;&gt;
                            &lt;input name=&quot;input_1&quot; class=&quot;large form-control&quot; id=&quot;input_7_1&quot; aria-invalid=&quot;false&quot; aria-required=&quot;true&quot; type=&quot;text&quot; placeholder=&quot;Email Address&quot; value=&quot;&quot;&gt;
                        &lt;/div&gt;
&lt;/li&gt;
&lt;li class=&quot;gfield gform_validation_container field_sublabel_below field_description_below gfield_visibility_visible&quot; id=&quot;field_7_2&quot;&gt;&lt;label class=&quot;gfield_label&quot; for=&quot;input_7_2&quot;&gt;Phone&lt;/label&gt;
&lt;div class=&quot;ginput_container&quot;&gt;&lt;input name=&quot;input_2&quot; class=&quot;form-control&quot; id=&quot;input_7_2&quot; type=&quot;text&quot; value=&quot;&quot;&gt;&lt;/div&gt;
&lt;div class=&quot;gfield_description&quot;&gt;This field is for validation purposes and should be left unchanged.&lt;/div&gt;
&lt;/li&gt;
&lt;/ul&gt;
&lt;/div&gt;
&lt;div class=&quot;gform_footer top_label&quot;&gt; &lt;input class=&quot;gform_button btn btn-primary controls&quot; id=&quot;gform_submit_button_7&quot; onkeypress=&#039;if( event.keyCode == 13 ){ if(window[&quot;gf_submitting_7&quot;]){return false;} window[&quot;gf_submitting_7&quot;]=true;  jQuery(&quot;#gform_7&quot;).trigger(&quot;submit&quot;,[true]); }&#039; onclick=&#039;if(window[&quot;gf_submitting_7&quot;]){return false;}  window[&quot;gf_submitting_7&quot;]=true;  &#039; type=&quot;submit&quot; value=&quot;CLICK HERE TO TRY TORENZO FOR FREE&quot;&gt;
            &lt;input name=&quot;is_submit_7&quot; class=&quot;gform_hidden&quot; type=&quot;hidden&quot; value=&quot;1&quot;&gt;
            &lt;input name=&quot;gform_submit&quot; class=&quot;gform_hidden&quot; type=&quot;hidden&quot; value=&quot;7&quot;&gt;
&lt;p&gt;            &lt;input name=&quot;gform_unique_id&quot; class=&quot;gform_hidden&quot; type=&quot;hidden&quot; value=&quot;&quot;&gt;
            &lt;input name=&quot;state_7&quot; class=&quot;gform_hidden&quot; type=&quot;hidden&quot; value=&quot;WyJbXSIsIjgwMzA3ZjFmNDk5NWVkM2JiZGNjZDUzMWY0YjA3ZGU0Il0=&quot;&gt;
            &lt;input name=&quot;gform_target_page_number_7&quot; class=&quot;gform_hidden&quot; id=&quot;gform_target_page_number_7&quot; type=&quot;hidden&quot; value=&quot;0&quot;&gt;
            &lt;input name=&quot;gform_source_page_number_7&quot; class=&quot;gform_hidden&quot; id=&quot;gform_source_page_number_7&quot; type=&quot;hidden&quot; value=&quot;1&quot;&gt;
            &lt;input name=&quot;gform_field_values&quot; type=&quot;hidden&quot; value=&quot;&quot;&gt;&lt;/p&gt;&lt;/div&gt;
&lt;/form&gt;
&lt;/div&gt;
&lt;p&gt;&lt;script type=&quot;text/javascript&quot;&gt; if(typeof gf_global == &#039;undefined&#039;) var gf_global = {&quot;gf_currency_config&quot;:{&quot;name&quot;:&quot;U.S. Dollar&quot;,&quot;symbol_left&quot;:&quot;$&quot;,&quot;symbol_right&quot;:&quot;&quot;,&quot;symbol_padding&quot;:&quot;&quot;,&quot;thousand_separator&quot;:&quot;,&quot;,&quot;decimal_separator&quot;:&quot;.&quot;,&quot;decimals&quot;:2},&quot;base_url&quot;:&quot;http:\/\/www.torenzo.com\/wp-content\/plugins\/gravityforms&quot;,&quot;number_formats&quot;:[],&quot;spinnerUrl&quot;:&quot;http:\/\/www.torenzo.com\/wp-content\/plugins\/gravityforms\/images\/spinner.gif&quot;};jQuery(document).bind(&#039;gform_post_render&#039;, function(event, formId, currentPage){if(formId == 7) {if(typeof Placeholders != &#039;undefined&#039;){
                        Placeholders.enable();
                    }} } );jQuery(document).bind(&#039;gform_post_conditional_logic&#039;, function(event, formId, fields, isInit){} );&lt;/script&gt;&lt;script type=&quot;text/javascript&quot;&gt; jQuery(document).ready(function(){jQuery(document).trigger(&#039;gform_post_render&#039;, [7, 1]) } ); &lt;/script&gt;
&lt;/p&gt;&lt;/div&gt;
Build info: version: &#039;3.14.0&#039;, revision: &#039;aacccce0&#039;, time: &#039;2018-08-02T20:19:58.91Z&#039;
System info: host: &#039;DESKTOP-A3DICO7&#039;, ip: &#039;169.254.38.26&#039;, os.name: &#039;Windows 10&#039;, os.arch: &#039;amd64&#039;, os.version: &#039;10.0&#039;, java.version: &#039;1.8.0_131&#039;
Driver info: org.openqa.selenium.ie.InternetExplorerDriver
Capabilities {acceptInsecureCerts: false, browserName: internet explorer, browserVersion: 11, javascriptEnabled: true, pageLoadStrategy: normal, platform: WINDOWS, platformName: WINDOWS, proxy: Proxy(), se:ieOptions: {browserAttachTimeout: 0, elementScrollBehavior: 0, enablePersistentHover: true, ie.browserCommandLineSwitches: , ie.ensureCleanSession: false, ie.fileUploadDialogTimeout: 3000, ie.forceCreateProcessApi: false, ignoreProtectedModeSettings: false, ignoreZoomSetting: false, initialBrowserUrl: http://localhost:4211/, nativeEvents: true, requireWindowFocus: false}, setWindowRect: true, timeouts: {implicit: 0, pageLoad: 300000, script: 30000}}
Session ID: 4495153a-0b0d-439d-89c2-cca92ea9b51e">
      <![CDATA[org.openqa.selenium.ElementClickInterceptedException: Element not clickable at point (672,44). Other element would receive the click: <div class="col-md-10 col-md-offset-1">
<h1 class="font-36 uppercase"><strong>Torenzo Point of Sale Solutions:<br class="visible-lg visible-md"> <span class="font-48">Powerful. Affordable. Easy to Use.</span></strong></h1>

<p class="font-18 margin-0 margin-top-40"><strong>Start your 30-day free trial today!</strong></p>
<div class="gf_browser_unknown gform_wrapper" id="gform_wrapper_7">
<form id="gform_7" action="/" enctype="multipart/form-data" method="post">
<div class="gform_body">
<ul class="gform_fields top_label form_sublabel_below description_below" id="gform_fields_7">
<li class="gfield gfield_contains_required field_sublabel_below field_description_below gfield_visibility_visible" id="field_7_1"><label class="gfield_label" for="input_7_1">Email<span class="gfield_required">*</span></label>
<div class="ginput_container ginput_container_email">
                            <input name="input_1" class="large form-control" id="input_7_1" aria-invalid="false" aria-required="true" type="text" placeholder="Email Address" value="">
                        </div>
</li>
<li class="gfield gform_validation_container field_sublabel_below field_description_below gfield_visibility_visible" id="field_7_2"><label class="gfield_label" for="input_7_2">Phone</label>
<div class="ginput_container"><input name="input_2" class="form-control" id="input_7_2" type="text" value=""></div>
<div class="gfield_description">This field is for validation purposes and should be left unchanged.</div>
</li>
</ul>
</div>
<div class="gform_footer top_label"> <input class="gform_button btn btn-primary controls" id="gform_submit_button_7" onkeypress='if( event.keyCode == 13 ){ if(window["gf_submitting_7"]){return false;} window["gf_submitting_7"]=true;  jQuery("#gform_7").trigger("submit",[true]); }' onclick='if(window["gf_submitting_7"]){return false;}  window["gf_submitting_7"]=true;  ' type="submit" value="CLICK HERE TO TRY TORENZO FOR FREE">
            <input name="is_submit_7" class="gform_hidden" type="hidden" value="1">
            <input name="gform_submit" class="gform_hidden" type="hidden" value="7">
<p>            <input name="gform_unique_id" class="gform_hidden" type="hidden" value="">
            <input name="state_7" class="gform_hidden" type="hidden" value="WyJbXSIsIjgwMzA3ZjFmNDk5NWVkM2JiZGNjZDUzMWY0YjA3ZGU0Il0=">
            <input name="gform_target_page_number_7" class="gform_hidden" id="gform_target_page_number_7" type="hidden" value="0">
            <input name="gform_source_page_number_7" class="gform_hidden" id="gform_source_page_number_7" type="hidden" value="1">
            <input name="gform_field_values" type="hidden" value=""></p></div>
</form>
</div>
<p><script type="text/javascript"> if(typeof gf_global == 'undefined') var gf_global = {"gf_currency_config":{"name":"U.S. Dollar","symbol_left":"$","symbol_right":"","symbol_padding":"","thousand_separator":",","decimal_separator":".","decimals":2},"base_url":"http:\/\/www.torenzo.com\/wp-content\/plugins\/gravityforms","number_formats":[],"spinnerUrl":"http:\/\/www.torenzo.com\/wp-content\/plugins\/gravityforms\/images\/spinner.gif"};jQuery(document).bind('gform_post_render', function(event, formId, currentPage){if(formId == 7) {if(typeof Placeholders != 'undefined'){
                        Placeholders.enable();
                    }} } );jQuery(document).bind('gform_post_conditional_logic', function(event, formId, fields, isInit){} );</script><script type="text/javascript"> jQuery(document).ready(function(){jQuery(document).trigger('gform_post_render', [7, 1]) } ); </script>
</p></div>
Build info: version: '3.14.0', revision: 'aacccce0', time: '2018-08-02T20:19:58.91Z'
System info: host: 'DESKTOP-A3DICO7', ip: '169.254.38.26', os.name: 'Windows 10', os.arch: 'amd64', os.version: '10.0', java.version: '1.8.0_131'
Driver info: org.openqa.selenium.ie.InternetExplorerDriver
Capabilities {acceptInsecureCerts: false, browserName: internet explorer, browserVersion: 11, javascriptEnabled: true, pageLoadStrategy: normal, platform: WINDOWS, platformName: WINDOWS, proxy: Proxy(), se:ieOptions: {browserAttachTimeout: 0, elementScrollBehavior: 0, enablePersistentHover: true, ie.browserCommandLineSwitches: , ie.ensureCleanSession: false, ie.fileUploadDialogTimeout: 3000, ie.forceCreateProcessApi: false, ignoreProtectedModeSettings: false, ignoreZoomSetting: false, initialBrowserUrl: http://localhost:4211/, nativeEvents: true, requireWindowFocus: false}, setWindowRect: true, timeouts: {implicit: 0, pageLoad: 300000, script: 30000}}
Session ID: 4495153a-0b0d-439d-89c2-cca92ea9b51e
at sun.reflect.NativeConstructorAccessorImpl.newInstance0(Native Method)
at sun.reflect.NativeConstructorAccessorImpl.newInstance(Unknown Source)
at sun.reflect.DelegatingConstructorAccessorImpl.newInstance(Unknown Source)
at java.lang.reflect.Constructor.newInstance(Unknown Source)
at org.openqa.selenium.remote.http.W3CHttpResponseCodec.createException(W3CHttpResponseCodec.java:187)
at org.openqa.selenium.remote.http.W3CHttpResponseCodec.decode(W3CHttpResponseCodec.java:122)
at org.openqa.selenium.remote.http.W3CHttpResponseCodec.decode(W3CHttpResponseCodec.java:49)
at org.openqa.selenium.remote.HttpCommandExecutor.execute(HttpCommandExecutor.java:158)
at org.openqa.selenium.remote.service.DriverCommandExecutor.execute(DriverCommandExecutor.java:83)
at org.openqa.selenium.remote.RemoteWebDriver.execute(RemoteWebDriver.java:548)
at org.openqa.selenium.remote.RemoteWebElement.execute(RemoteWebElement.java:276)
at org.openqa.selenium.remote.RemoteWebElement.click(RemoteWebElement.java:83)
at sun.reflect.NativeMethodAccessorImpl.invoke0(Native Method)
at sun.reflect.NativeMethodAccessorImpl.invoke(Unknown Source)
at sun.reflect.DelegatingMethodAccessorImpl.invoke(Unknown Source)
at java.lang.reflect.Method.invoke(Unknown Source)
at org.openqa.selenium.support.pagefactory.internal.LocatingElementHandler.invoke(LocatingElementHandler.java:51)
at com.sun.proxy.$Proxy10.click(Unknown Source)
at com.torenzosite.qa.pages.HomePage.clickOnFeatures(HomePage.java:75)
at com.torenzosite.qa.testcases.FeaturePageTest.fillFormWithEmptyData(FeaturePageTest.java:143)
at sun.reflect.NativeMethodAccessorImpl.invoke0(Native Method)
at sun.reflect.NativeMethodAccessorImpl.invoke(Unknown Source)
at sun.reflect.DelegatingMethodAccessorImpl.invoke(Unknown Source)
at java.lang.reflect.Method.invoke(Unknown Source)
at org.testng.internal.MethodInvocationHelper.invokeMethod(MethodInvocationHelper.java:124)
at org.testng.internal.Invoker.invokeMethod(Invoker.java:580)
at org.testng.internal.Invoker.invokeTestMethod(Invoker.java:716)
at org.testng.internal.Invoker.invokeTestMethods(Invoker.java:988)
at org.testng.internal.TestMethodWorker.invokeTestMethods(TestMethodWorker.java:125)
at org.testng.internal.TestMethodWorker.run(TestMethodWorker.java:109)
at org.testng.TestRunner.privateRun(TestRunner.java:648)
at org.testng.TestRunner.run(TestRunner.java:505)
at org.testng.SuiteRunner.runTest(SuiteRunner.java:455)
at org.testng.SuiteRunner.runSequentially(SuiteRunner.java:450)
at org.testng.SuiteRunner.privateRun(SuiteRunner.java:415)
at org.testng.SuiteRunner.run(SuiteRunner.java:364)
at org.testng.SuiteRunnerWorker.runSuite(SuiteRunnerWorker.java:52)
at org.testng.SuiteRunnerWorker.run(SuiteRunnerWorker.java:84)
at org.testng.TestNG.runSuitesSequentially(TestNG.java:1208)
at org.testng.TestNG.runSuitesLocally(TestNG.java:1137)
at org.testng.TestNG.runSuites(TestNG.java:1049)
at org.testng.TestNG.run(TestNG.java:1017)
at org.testng.remote.AbstractRemoteTestNG.run(AbstractRemoteTestNG.java:114)
at org.testng.remote.RemoteTestNG.initAndRun(RemoteTestNG.java:251)
at org.testng.remote.RemoteTestNG.main(RemoteTestNG.java:77)
]]>
    </error>
  </testcase> <!-- fillFormWithEmptyData -->
  <testcase name="fillFormWithEmptyPhoneNumber" time="9.562" classname="com.torenzosite.qa.testcases.FeaturePageTest">
    <error type="org.openqa.selenium.ElementClickInterceptedException" message="Element not clickable at point (672,44). Other element would receive the click: &lt;div class=&quot;col-md-10 col-md-offset-1&quot;&gt;
&lt;h1 class=&quot;font-36 uppercase&quot;&gt;&lt;strong&gt;Torenzo Point of Sale Solutions:&lt;br class=&quot;visible-lg visible-md&quot;&gt; &lt;span class=&quot;font-48&quot;&gt;Powerful. Affordable. Easy to Use.&lt;/span&gt;&lt;/strong&gt;&lt;/h1&gt;

&lt;p class=&quot;font-18 margin-0 margin-top-40&quot;&gt;&lt;strong&gt;Start your 30-day free trial today!&lt;/strong&gt;&lt;/p&gt;
&lt;div class=&quot;gf_browser_unknown gform_wrapper&quot; id=&quot;gform_wrapper_7&quot;&gt;
&lt;form id=&quot;gform_7&quot; action=&quot;/&quot; enctype=&quot;multipart/form-data&quot; method=&quot;post&quot;&gt;
&lt;div class=&quot;gform_body&quot;&gt;
&lt;ul class=&quot;gform_fields top_label form_sublabel_below description_below&quot; id=&quot;gform_fields_7&quot;&gt;
&lt;li class=&quot;gfield gfield_contains_required field_sublabel_below field_description_below gfield_visibility_visible&quot; id=&quot;field_7_1&quot;&gt;&lt;label class=&quot;gfield_label&quot; for=&quot;input_7_1&quot;&gt;Email&lt;span class=&quot;gfield_required&quot;&gt;*&lt;/span&gt;&lt;/label&gt;
&lt;div class=&quot;ginput_container ginput_container_email&quot;&gt;
                            &lt;input name=&quot;input_1&quot; class=&quot;large form-control&quot; id=&quot;input_7_1&quot; aria-invalid=&quot;false&quot; aria-required=&quot;true&quot; type=&quot;text&quot; placeholder=&quot;Email Address&quot; value=&quot;&quot;&gt;
                        &lt;/div&gt;
&lt;/li&gt;
&lt;li class=&quot;gfield gform_validation_container field_sublabel_below field_description_below gfield_visibility_visible&quot; id=&quot;field_7_2&quot;&gt;&lt;label class=&quot;gfield_label&quot; for=&quot;input_7_2&quot;&gt;Phone&lt;/label&gt;
&lt;div class=&quot;ginput_container&quot;&gt;&lt;input name=&quot;input_2&quot; class=&quot;form-control&quot; id=&quot;input_7_2&quot; type=&quot;text&quot; value=&quot;&quot;&gt;&lt;/div&gt;
&lt;div class=&quot;gfield_description&quot;&gt;This field is for validation purposes and should be left unchanged.&lt;/div&gt;
&lt;/li&gt;
&lt;/ul&gt;
&lt;/div&gt;
&lt;div class=&quot;gform_footer top_label&quot;&gt; &lt;input class=&quot;gform_button btn btn-primary controls&quot; id=&quot;gform_submit_button_7&quot; onkeypress=&#039;if( event.keyCode == 13 ){ if(window[&quot;gf_submitting_7&quot;]){return false;} window[&quot;gf_submitting_7&quot;]=true;  jQuery(&quot;#gform_7&quot;).trigger(&quot;submit&quot;,[true]); }&#039; onclick=&#039;if(window[&quot;gf_submitting_7&quot;]){return false;}  window[&quot;gf_submitting_7&quot;]=true;  &#039; type=&quot;submit&quot; value=&quot;CLICK HERE TO TRY TORENZO FOR FREE&quot;&gt;
            &lt;input name=&quot;is_submit_7&quot; class=&quot;gform_hidden&quot; type=&quot;hidden&quot; value=&quot;1&quot;&gt;
            &lt;input name=&quot;gform_submit&quot; class=&quot;gform_hidden&quot; type=&quot;hidden&quot; value=&quot;7&quot;&gt;
&lt;p&gt;            &lt;input name=&quot;gform_unique_id&quot; class=&quot;gform_hidden&quot; type=&quot;hidden&quot; value=&quot;&quot;&gt;
            &lt;input name=&quot;state_7&quot; class=&quot;gform_hidden&quot; type=&quot;hidden&quot; value=&quot;WyJbXSIsIjgwMzA3ZjFmNDk5NWVkM2JiZGNjZDUzMWY0YjA3ZGU0Il0=&quot;&gt;
            &lt;input name=&quot;gform_target_page_number_7&quot; class=&quot;gform_hidden&quot; id=&quot;gform_target_page_number_7&quot; type=&quot;hidden&quot; value=&quot;0&quot;&gt;
            &lt;input name=&quot;gform_source_page_number_7&quot; class=&quot;gform_hidden&quot; id=&quot;gform_source_page_number_7&quot; type=&quot;hidden&quot; value=&quot;1&quot;&gt;
            &lt;input name=&quot;gform_field_values&quot; type=&quot;hidden&quot; value=&quot;&quot;&gt;&lt;/p&gt;&lt;/div&gt;
&lt;/form&gt;
&lt;/div&gt;
&lt;p&gt;&lt;script type=&quot;text/javascript&quot;&gt; if(typeof gf_global == &#039;undefined&#039;) var gf_global = {&quot;gf_currency_config&quot;:{&quot;name&quot;:&quot;U.S. Dollar&quot;,&quot;symbol_left&quot;:&quot;$&quot;,&quot;symbol_right&quot;:&quot;&quot;,&quot;symbol_padding&quot;:&quot;&quot;,&quot;thousand_separator&quot;:&quot;,&quot;,&quot;decimal_separator&quot;:&quot;.&quot;,&quot;decimals&quot;:2},&quot;base_url&quot;:&quot;http:\/\/www.torenzo.com\/wp-content\/plugins\/gravityforms&quot;,&quot;number_formats&quot;:[],&quot;spinnerUrl&quot;:&quot;http:\/\/www.torenzo.com\/wp-content\/plugins\/gravityforms\/images\/spinner.gif&quot;};jQuery(document).bind(&#039;gform_post_render&#039;, function(event, formId, currentPage){if(formId == 7) {if(typeof Placeholders != &#039;undefined&#039;){
                        Placeholders.enable();
                    }} } );jQuery(document).bind(&#039;gform_post_conditional_logic&#039;, function(event, formId, fields, isInit){} );&lt;/script&gt;&lt;script type=&quot;text/javascript&quot;&gt; jQuery(document).ready(function(){jQuery(document).trigger(&#039;gform_post_render&#039;, [7, 1]) } ); &lt;/script&gt;
&lt;/p&gt;&lt;/div&gt;
Build info: version: &#039;3.14.0&#039;, revision: &#039;aacccce0&#039;, time: &#039;2018-08-02T20:19:58.91Z&#039;
System info: host: &#039;DESKTOP-A3DICO7&#039;, ip: &#039;169.254.38.26&#039;, os.name: &#039;Windows 10&#039;, os.arch: &#039;amd64&#039;, os.version: &#039;10.0&#039;, java.version: &#039;1.8.0_131&#039;
Driver info: org.openqa.selenium.ie.InternetExplorerDriver
Capabilities {acceptInsecureCerts: false, browserName: internet explorer, browserVersion: 11, javascriptEnabled: true, pageLoadStrategy: normal, platform: WINDOWS, platformName: WINDOWS, proxy: Proxy(), se:ieOptions: {browserAttachTimeout: 0, elementScrollBehavior: 0, enablePersistentHover: true, ie.browserCommandLineSwitches: , ie.ensureCleanSession: false, ie.fileUploadDialogTimeout: 3000, ie.forceCreateProcessApi: false, ignoreProtectedModeSettings: false, ignoreZoomSetting: false, initialBrowserUrl: http://localhost:40331/, nativeEvents: true, requireWindowFocus: false}, setWindowRect: true, timeouts: {implicit: 0, pageLoad: 300000, script: 30000}}
Session ID: 9cfbaf0d-0899-4056-9e15-f5f487c4eb02">
      <![CDATA[org.openqa.selenium.ElementClickInterceptedException: Element not clickable at point (672,44). Other element would receive the click: <div class="col-md-10 col-md-offset-1">
<h1 class="font-36 uppercase"><strong>Torenzo Point of Sale Solutions:<br class="visible-lg visible-md"> <span class="font-48">Powerful. Affordable. Easy to Use.</span></strong></h1>

<p class="font-18 margin-0 margin-top-40"><strong>Start your 30-day free trial today!</strong></p>
<div class="gf_browser_unknown gform_wrapper" id="gform_wrapper_7">
<form id="gform_7" action="/" enctype="multipart/form-data" method="post">
<div class="gform_body">
<ul class="gform_fields top_label form_sublabel_below description_below" id="gform_fields_7">
<li class="gfield gfield_contains_required field_sublabel_below field_description_below gfield_visibility_visible" id="field_7_1"><label class="gfield_label" for="input_7_1">Email<span class="gfield_required">*</span></label>
<div class="ginput_container ginput_container_email">
                            <input name="input_1" class="large form-control" id="input_7_1" aria-invalid="false" aria-required="true" type="text" placeholder="Email Address" value="">
                        </div>
</li>
<li class="gfield gform_validation_container field_sublabel_below field_description_below gfield_visibility_visible" id="field_7_2"><label class="gfield_label" for="input_7_2">Phone</label>
<div class="ginput_container"><input name="input_2" class="form-control" id="input_7_2" type="text" value=""></div>
<div class="gfield_description">This field is for validation purposes and should be left unchanged.</div>
</li>
</ul>
</div>
<div class="gform_footer top_label"> <input class="gform_button btn btn-primary controls" id="gform_submit_button_7" onkeypress='if( event.keyCode == 13 ){ if(window["gf_submitting_7"]){return false;} window["gf_submitting_7"]=true;  jQuery("#gform_7").trigger("submit",[true]); }' onclick='if(window["gf_submitting_7"]){return false;}  window["gf_submitting_7"]=true;  ' type="submit" value="CLICK HERE TO TRY TORENZO FOR FREE">
            <input name="is_submit_7" class="gform_hidden" type="hidden" value="1">
            <input name="gform_submit" class="gform_hidden" type="hidden" value="7">
<p>            <input name="gform_unique_id" class="gform_hidden" type="hidden" value="">
            <input name="state_7" class="gform_hidden" type="hidden" value="WyJbXSIsIjgwMzA3ZjFmNDk5NWVkM2JiZGNjZDUzMWY0YjA3ZGU0Il0=">
            <input name="gform_target_page_number_7" class="gform_hidden" id="gform_target_page_number_7" type="hidden" value="0">
            <input name="gform_source_page_number_7" class="gform_hidden" id="gform_source_page_number_7" type="hidden" value="1">
            <input name="gform_field_values" type="hidden" value=""></p></div>
</form>
</div>
<p><script type="text/javascript"> if(typeof gf_global == 'undefined') var gf_global = {"gf_currency_config":{"name":"U.S. Dollar","symbol_left":"$","symbol_right":"","symbol_padding":"","thousand_separator":",","decimal_separator":".","decimals":2},"base_url":"http:\/\/www.torenzo.com\/wp-content\/plugins\/gravityforms","number_formats":[],"spinnerUrl":"http:\/\/www.torenzo.com\/wp-content\/plugins\/gravityforms\/images\/spinner.gif"};jQuery(document).bind('gform_post_render', function(event, formId, currentPage){if(formId == 7) {if(typeof Placeholders != 'undefined'){
                        Placeholders.enable();
                    }} } );jQuery(document).bind('gform_post_conditional_logic', function(event, formId, fields, isInit){} );</script><script type="text/javascript"> jQuery(document).ready(function(){jQuery(document).trigger('gform_post_render', [7, 1]) } ); </script>
</p></div>
Build info: version: '3.14.0', revision: 'aacccce0', time: '2018-08-02T20:19:58.91Z'
System info: host: 'DESKTOP-A3DICO7', ip: '169.254.38.26', os.name: 'Windows 10', os.arch: 'amd64', os.version: '10.0', java.version: '1.8.0_131'
Driver info: org.openqa.selenium.ie.InternetExplorerDriver
Capabilities {acceptInsecureCerts: false, browserName: internet explorer, browserVersion: 11, javascriptEnabled: true, pageLoadStrategy: normal, platform: WINDOWS, platformName: WINDOWS, proxy: Proxy(), se:ieOptions: {browserAttachTimeout: 0, elementScrollBehavior: 0, enablePersistentHover: true, ie.browserCommandLineSwitches: , ie.ensureCleanSession: false, ie.fileUploadDialogTimeout: 3000, ie.forceCreateProcessApi: false, ignoreProtectedModeSettings: false, ignoreZoomSetting: false, initialBrowserUrl: http://localhost:40331/, nativeEvents: true, requireWindowFocus: false}, setWindowRect: true, timeouts: {implicit: 0, pageLoad: 300000, script: 30000}}
Session ID: 9cfbaf0d-0899-4056-9e15-f5f487c4eb02
at sun.reflect.NativeConstructorAccessorImpl.newInstance0(Native Method)
at sun.reflect.NativeConstructorAccessorImpl.newInstance(Unknown Source)
at sun.reflect.DelegatingConstructorAccessorImpl.newInstance(Unknown Source)
at java.lang.reflect.Constructor.newInstance(Unknown Source)
at org.openqa.selenium.remote.http.W3CHttpResponseCodec.createException(W3CHttpResponseCodec.java:187)
at org.openqa.selenium.remote.http.W3CHttpResponseCodec.decode(W3CHttpResponseCodec.java:122)
at org.openqa.selenium.remote.http.W3CHttpResponseCodec.decode(W3CHttpResponseCodec.java:49)
at org.openqa.selenium.remote.HttpCommandExecutor.execute(HttpCommandExecutor.java:158)
at org.openqa.selenium.remote.service.DriverCommandExecutor.execute(DriverCommandExecutor.java:83)
at org.openqa.selenium.remote.RemoteWebDriver.execute(RemoteWebDriver.java:548)
at org.openqa.selenium.remote.RemoteWebElement.execute(RemoteWebElement.java:276)
at org.openqa.selenium.remote.RemoteWebElement.click(RemoteWebElement.java:83)
at sun.reflect.NativeMethodAccessorImpl.invoke0(Native Method)
at sun.reflect.NativeMethodAccessorImpl.invoke(Unknown Source)
at sun.reflect.DelegatingMethodAccessorImpl.invoke(Unknown Source)
at java.lang.reflect.Method.invoke(Unknown Source)
at org.openqa.selenium.support.pagefactory.internal.LocatingElementHandler.invoke(LocatingElementHandler.java:51)
at com.sun.proxy.$Proxy10.click(Unknown Source)
at com.torenzosite.qa.pages.HomePage.clickOnFeatures(HomePage.java:75)
at com.torenzosite.qa.testcases.FeaturePageTest.fillFormWithEmptyPhoneNumber(FeaturePageTest.java:173)
at sun.reflect.NativeMethodAccessorImpl.invoke0(Native Method)
at sun.reflect.NativeMethodAccessorImpl.invoke(Unknown Source)
at sun.reflect.DelegatingMethodAccessorImpl.invoke(Unknown Source)
at java.lang.reflect.Method.invoke(Unknown Source)
at org.testng.internal.MethodInvocationHelper.invokeMethod(MethodInvocationHelper.java:124)
at org.testng.internal.Invoker.invokeMethod(Invoker.java:580)
at org.testng.internal.Invoker.invokeTestMethod(Invoker.java:716)
at org.testng.internal.Invoker.invokeTestMethods(Invoker.java:988)
at org.testng.internal.TestMethodWorker.invokeTestMethods(TestMethodWorker.java:125)
at org.testng.internal.TestMethodWorker.run(TestMethodWorker.java:109)
at org.testng.TestRunner.privateRun(TestRunner.java:648)
at org.testng.TestRunner.run(TestRunner.java:505)
at org.testng.SuiteRunner.runTest(SuiteRunner.java:455)
at org.testng.SuiteRunner.runSequentially(SuiteRunner.java:450)
at org.testng.SuiteRunner.privateRun(SuiteRunner.java:415)
at org.testng.SuiteRunner.run(SuiteRunner.java:364)
at org.testng.SuiteRunnerWorker.runSuite(SuiteRunnerWorker.java:52)
at org.testng.SuiteRunnerWorker.run(SuiteRunnerWorker.java:84)
at org.testng.TestNG.runSuitesSequentially(TestNG.java:1208)
at org.testng.TestNG.runSuitesLocally(TestNG.java:1137)
at org.testng.TestNG.runSuites(TestNG.java:1049)
at org.testng.TestNG.run(TestNG.java:1017)
at org.testng.remote.AbstractRemoteTestNG.run(AbstractRemoteTestNG.java:114)
at org.testng.remote.RemoteTestNG.initAndRun(RemoteTestNG.java:251)
at org.testng.remote.RemoteTestNG.main(RemoteTestNG.java:77)
]]>
    </error>
  </testcase> <!-- fillFormWithEmptyPhoneNumber -->
  <testcase name="fillFormWithEmptyEmaildId" time="6.445" classname="com.torenzosite.qa.testcases.FeaturePageTest">
    <error type="org.openqa.selenium.ElementClickInterceptedException" message="Element not clickable at point (672,44). Other element would receive the click: &lt;div class=&quot;col-md-10 col-md-offset-1&quot;&gt;
&lt;h1 class=&quot;font-36 uppercase&quot;&gt;&lt;strong&gt;Torenzo Point of Sale Solutions:&lt;br class=&quot;visible-lg visible-md&quot;&gt; &lt;span class=&quot;font-48&quot;&gt;Powerful. Affordable. Easy to Use.&lt;/span&gt;&lt;/strong&gt;&lt;/h1&gt;

&lt;p class=&quot;font-18 margin-0 margin-top-40&quot;&gt;&lt;strong&gt;Start your 30-day free trial today!&lt;/strong&gt;&lt;/p&gt;
&lt;div class=&quot;gf_browser_unknown gform_wrapper&quot; id=&quot;gform_wrapper_7&quot;&gt;
&lt;form id=&quot;gform_7&quot; action=&quot;/&quot; enctype=&quot;multipart/form-data&quot; method=&quot;post&quot;&gt;
&lt;div class=&quot;gform_body&quot;&gt;
&lt;ul class=&quot;gform_fields top_label form_sublabel_below description_below&quot; id=&quot;gform_fields_7&quot;&gt;
&lt;li class=&quot;gfield gfield_contains_required field_sublabel_below field_description_below gfield_visibility_visible&quot; id=&quot;field_7_1&quot;&gt;&lt;label class=&quot;gfield_label&quot; for=&quot;input_7_1&quot;&gt;Email&lt;span class=&quot;gfield_required&quot;&gt;*&lt;/span&gt;&lt;/label&gt;
&lt;div class=&quot;ginput_container ginput_container_email&quot;&gt;
                            &lt;input name=&quot;input_1&quot; class=&quot;large form-control&quot; id=&quot;input_7_1&quot; aria-invalid=&quot;false&quot; aria-required=&quot;true&quot; type=&quot;text&quot; placeholder=&quot;Email Address&quot; value=&quot;&quot;&gt;
                        &lt;/div&gt;
&lt;/li&gt;
&lt;li class=&quot;gfield gform_validation_container field_sublabel_below field_description_below gfield_visibility_visible&quot; id=&quot;field_7_2&quot;&gt;&lt;label class=&quot;gfield_label&quot; for=&quot;input_7_2&quot;&gt;Phone&lt;/label&gt;
&lt;div class=&quot;ginput_container&quot;&gt;&lt;input name=&quot;input_2&quot; class=&quot;form-control&quot; id=&quot;input_7_2&quot; type=&quot;text&quot; value=&quot;&quot;&gt;&lt;/div&gt;
&lt;div class=&quot;gfield_description&quot;&gt;This field is for validation purposes and should be left unchanged.&lt;/div&gt;
&lt;/li&gt;
&lt;/ul&gt;
&lt;/div&gt;
&lt;div class=&quot;gform_footer top_label&quot;&gt; &lt;input class=&quot;gform_button btn btn-primary controls&quot; id=&quot;gform_submit_button_7&quot; onkeypress=&#039;if( event.keyCode == 13 ){ if(window[&quot;gf_submitting_7&quot;]){return false;} window[&quot;gf_submitting_7&quot;]=true;  jQuery(&quot;#gform_7&quot;).trigger(&quot;submit&quot;,[true]); }&#039; onclick=&#039;if(window[&quot;gf_submitting_7&quot;]){return false;}  window[&quot;gf_submitting_7&quot;]=true;  &#039; type=&quot;submit&quot; value=&quot;CLICK HERE TO TRY TORENZO FOR FREE&quot;&gt;
            &lt;input name=&quot;is_submit_7&quot; class=&quot;gform_hidden&quot; type=&quot;hidden&quot; value=&quot;1&quot;&gt;
            &lt;input name=&quot;gform_submit&quot; class=&quot;gform_hidden&quot; type=&quot;hidden&quot; value=&quot;7&quot;&gt;
&lt;p&gt;            &lt;input name=&quot;gform_unique_id&quot; class=&quot;gform_hidden&quot; type=&quot;hidden&quot; value=&quot;&quot;&gt;
            &lt;input name=&quot;state_7&quot; class=&quot;gform_hidden&quot; type=&quot;hidden&quot; value=&quot;WyJbXSIsIjgwMzA3ZjFmNDk5NWVkM2JiZGNjZDUzMWY0YjA3ZGU0Il0=&quot;&gt;
            &lt;input name=&quot;gform_target_page_number_7&quot; class=&quot;gform_hidden&quot; id=&quot;gform_target_page_number_7&quot; type=&quot;hidden&quot; value=&quot;0&quot;&gt;
            &lt;input name=&quot;gform_source_page_number_7&quot; class=&quot;gform_hidden&quot; id=&quot;gform_source_page_number_7&quot; type=&quot;hidden&quot; value=&quot;1&quot;&gt;
            &lt;input name=&quot;gform_field_values&quot; type=&quot;hidden&quot; value=&quot;&quot;&gt;&lt;/p&gt;&lt;/div&gt;
&lt;/form&gt;
&lt;/div&gt;
&lt;p&gt;&lt;script type=&quot;text/javascript&quot;&gt; if(typeof gf_global == &#039;undefined&#039;) var gf_global = {&quot;gf_currency_config&quot;:{&quot;name&quot;:&quot;U.S. Dollar&quot;,&quot;symbol_left&quot;:&quot;$&quot;,&quot;symbol_right&quot;:&quot;&quot;,&quot;symbol_padding&quot;:&quot;&quot;,&quot;thousand_separator&quot;:&quot;,&quot;,&quot;decimal_separator&quot;:&quot;.&quot;,&quot;decimals&quot;:2},&quot;base_url&quot;:&quot;http:\/\/www.torenzo.com\/wp-content\/plugins\/gravityforms&quot;,&quot;number_formats&quot;:[],&quot;spinnerUrl&quot;:&quot;http:\/\/www.torenzo.com\/wp-content\/plugins\/gravityforms\/images\/spinner.gif&quot;};jQuery(document).bind(&#039;gform_post_render&#039;, function(event, formId, currentPage){if(formId == 7) {if(typeof Placeholders != &#039;undefined&#039;){
                        Placeholders.enable();
                    }} } );jQuery(document).bind(&#039;gform_post_conditional_logic&#039;, function(event, formId, fields, isInit){} );&lt;/script&gt;&lt;script type=&quot;text/javascript&quot;&gt; jQuery(document).ready(function(){jQuery(document).trigger(&#039;gform_post_render&#039;, [7, 1]) } ); &lt;/script&gt;
&lt;/p&gt;&lt;/div&gt;
Build info: version: &#039;3.14.0&#039;, revision: &#039;aacccce0&#039;, time: &#039;2018-08-02T20:19:58.91Z&#039;
System info: host: &#039;DESKTOP-A3DICO7&#039;, ip: &#039;169.254.38.26&#039;, os.name: &#039;Windows 10&#039;, os.arch: &#039;amd64&#039;, os.version: &#039;10.0&#039;, java.version: &#039;1.8.0_131&#039;
Driver info: org.openqa.selenium.ie.InternetExplorerDriver
Capabilities {acceptInsecureCerts: false, browserName: internet explorer, browserVersion: 11, javascriptEnabled: true, pageLoadStrategy: normal, platform: WINDOWS, platformName: WINDOWS, proxy: Proxy(), se:ieOptions: {browserAttachTimeout: 0, elementScrollBehavior: 0, enablePersistentHover: true, ie.browserCommandLineSwitches: , ie.ensureCleanSession: false, ie.fileUploadDialogTimeout: 3000, ie.forceCreateProcessApi: false, ignoreProtectedModeSettings: false, ignoreZoomSetting: false, initialBrowserUrl: http://localhost:42452/, nativeEvents: true, requireWindowFocus: false}, setWindowRect: true, timeouts: {implicit: 0, pageLoad: 300000, script: 30000}}
Session ID: 7c72e3d4-5f3e-4f53-8f62-c413a9baf4e9">
      <![CDATA[org.openqa.selenium.ElementClickInterceptedException: Element not clickable at point (672,44). Other element would receive the click: <div class="col-md-10 col-md-offset-1">
<h1 class="font-36 uppercase"><strong>Torenzo Point of Sale Solutions:<br class="visible-lg visible-md"> <span class="font-48">Powerful. Affordable. Easy to Use.</span></strong></h1>

<p class="font-18 margin-0 margin-top-40"><strong>Start your 30-day free trial today!</strong></p>
<div class="gf_browser_unknown gform_wrapper" id="gform_wrapper_7">
<form id="gform_7" action="/" enctype="multipart/form-data" method="post">
<div class="gform_body">
<ul class="gform_fields top_label form_sublabel_below description_below" id="gform_fields_7">
<li class="gfield gfield_contains_required field_sublabel_below field_description_below gfield_visibility_visible" id="field_7_1"><label class="gfield_label" for="input_7_1">Email<span class="gfield_required">*</span></label>
<div class="ginput_container ginput_container_email">
                            <input name="input_1" class="large form-control" id="input_7_1" aria-invalid="false" aria-required="true" type="text" placeholder="Email Address" value="">
                        </div>
</li>
<li class="gfield gform_validation_container field_sublabel_below field_description_below gfield_visibility_visible" id="field_7_2"><label class="gfield_label" for="input_7_2">Phone</label>
<div class="ginput_container"><input name="input_2" class="form-control" id="input_7_2" type="text" value=""></div>
<div class="gfield_description">This field is for validation purposes and should be left unchanged.</div>
</li>
</ul>
</div>
<div class="gform_footer top_label"> <input class="gform_button btn btn-primary controls" id="gform_submit_button_7" onkeypress='if( event.keyCode == 13 ){ if(window["gf_submitting_7"]){return false;} window["gf_submitting_7"]=true;  jQuery("#gform_7").trigger("submit",[true]); }' onclick='if(window["gf_submitting_7"]){return false;}  window["gf_submitting_7"]=true;  ' type="submit" value="CLICK HERE TO TRY TORENZO FOR FREE">
            <input name="is_submit_7" class="gform_hidden" type="hidden" value="1">
            <input name="gform_submit" class="gform_hidden" type="hidden" value="7">
<p>            <input name="gform_unique_id" class="gform_hidden" type="hidden" value="">
            <input name="state_7" class="gform_hidden" type="hidden" value="WyJbXSIsIjgwMzA3ZjFmNDk5NWVkM2JiZGNjZDUzMWY0YjA3ZGU0Il0=">
            <input name="gform_target_page_number_7" class="gform_hidden" id="gform_target_page_number_7" type="hidden" value="0">
            <input name="gform_source_page_number_7" class="gform_hidden" id="gform_source_page_number_7" type="hidden" value="1">
            <input name="gform_field_values" type="hidden" value=""></p></div>
</form>
</div>
<p><script type="text/javascript"> if(typeof gf_global == 'undefined') var gf_global = {"gf_currency_config":{"name":"U.S. Dollar","symbol_left":"$","symbol_right":"","symbol_padding":"","thousand_separator":",","decimal_separator":".","decimals":2},"base_url":"http:\/\/www.torenzo.com\/wp-content\/plugins\/gravityforms","number_formats":[],"spinnerUrl":"http:\/\/www.torenzo.com\/wp-content\/plugins\/gravityforms\/images\/spinner.gif"};jQuery(document).bind('gform_post_render', function(event, formId, currentPage){if(formId == 7) {if(typeof Placeholders != 'undefined'){
                        Placeholders.enable();
                    }} } );jQuery(document).bind('gform_post_conditional_logic', function(event, formId, fields, isInit){} );</script><script type="text/javascript"> jQuery(document).ready(function(){jQuery(document).trigger('gform_post_render', [7, 1]) } ); </script>
</p></div>
Build info: version: '3.14.0', revision: 'aacccce0', time: '2018-08-02T20:19:58.91Z'
System info: host: 'DESKTOP-A3DICO7', ip: '169.254.38.26', os.name: 'Windows 10', os.arch: 'amd64', os.version: '10.0', java.version: '1.8.0_131'
Driver info: org.openqa.selenium.ie.InternetExplorerDriver
Capabilities {acceptInsecureCerts: false, browserName: internet explorer, browserVersion: 11, javascriptEnabled: true, pageLoadStrategy: normal, platform: WINDOWS, platformName: WINDOWS, proxy: Proxy(), se:ieOptions: {browserAttachTimeout: 0, elementScrollBehavior: 0, enablePersistentHover: true, ie.browserCommandLineSwitches: , ie.ensureCleanSession: false, ie.fileUploadDialogTimeout: 3000, ie.forceCreateProcessApi: false, ignoreProtectedModeSettings: false, ignoreZoomSetting: false, initialBrowserUrl: http://localhost:42452/, nativeEvents: true, requireWindowFocus: false}, setWindowRect: true, timeouts: {implicit: 0, pageLoad: 300000, script: 30000}}
Session ID: 7c72e3d4-5f3e-4f53-8f62-c413a9baf4e9
at sun.reflect.NativeConstructorAccessorImpl.newInstance0(Native Method)
at sun.reflect.NativeConstructorAccessorImpl.newInstance(Unknown Source)
at sun.reflect.DelegatingConstructorAccessorImpl.newInstance(Unknown Source)
at java.lang.reflect.Constructor.newInstance(Unknown Source)
at org.openqa.selenium.remote.http.W3CHttpResponseCodec.createException(W3CHttpResponseCodec.java:187)
at org.openqa.selenium.remote.http.W3CHttpResponseCodec.decode(W3CHttpResponseCodec.java:122)
at org.openqa.selenium.remote.http.W3CHttpResponseCodec.decode(W3CHttpResponseCodec.java:49)
at org.openqa.selenium.remote.HttpCommandExecutor.execute(HttpCommandExecutor.java:158)
at org.openqa.selenium.remote.service.DriverCommandExecutor.execute(DriverCommandExecutor.java:83)
at org.openqa.selenium.remote.RemoteWebDriver.execute(RemoteWebDriver.java:548)
at org.openqa.selenium.remote.RemoteWebElement.execute(RemoteWebElement.java:276)
at org.openqa.selenium.remote.RemoteWebElement.click(RemoteWebElement.java:83)
at sun.reflect.NativeMethodAccessorImpl.invoke0(Native Method)
at sun.reflect.NativeMethodAccessorImpl.invoke(Unknown Source)
at sun.reflect.DelegatingMethodAccessorImpl.invoke(Unknown Source)
at java.lang.reflect.Method.invoke(Unknown Source)
at org.openqa.selenium.support.pagefactory.internal.LocatingElementHandler.invoke(LocatingElementHandler.java:51)
at com.sun.proxy.$Proxy10.click(Unknown Source)
at com.torenzosite.qa.pages.HomePage.clickOnFeatures(HomePage.java:75)
at com.torenzosite.qa.testcases.FeaturePageTest.fillFormWithEmptyEmaildId(FeaturePageTest.java:204)
at sun.reflect.NativeMethodAccessorImpl.invoke0(Native Method)
at sun.reflect.NativeMethodAccessorImpl.invoke(Unknown Source)
at sun.reflect.DelegatingMethodAccessorImpl.invoke(Unknown Source)
at java.lang.reflect.Method.invoke(Unknown Source)
at org.testng.internal.MethodInvocationHelper.invokeMethod(MethodInvocationHelper.java:124)
at org.testng.internal.Invoker.invokeMethod(Invoker.java:580)
at org.testng.internal.Invoker.invokeTestMethod(Invoker.java:716)
at org.testng.internal.Invoker.invokeTestMethods(Invoker.java:988)
at org.testng.internal.TestMethodWorker.invokeTestMethods(TestMethodWorker.java:125)
at org.testng.internal.TestMethodWorker.run(TestMethodWorker.java:109)
at org.testng.TestRunner.privateRun(TestRunner.java:648)
at org.testng.TestRunner.run(TestRunner.java:505)
at org.testng.SuiteRunner.runTest(SuiteRunner.java:455)
at org.testng.SuiteRunner.runSequentially(SuiteRunner.java:450)
at org.testng.SuiteRunner.privateRun(SuiteRunner.java:415)
at org.testng.SuiteRunner.run(SuiteRunner.java:364)
at org.testng.SuiteRunnerWorker.runSuite(SuiteRunnerWorker.java:52)
at org.testng.SuiteRunnerWorker.run(SuiteRunnerWorker.java:84)
at org.testng.TestNG.runSuitesSequentially(TestNG.java:1208)
at org.testng.TestNG.runSuitesLocally(TestNG.java:1137)
at org.testng.TestNG.runSuites(TestNG.java:1049)
at org.testng.TestNG.run(TestNG.java:1017)
at org.testng.remote.AbstractRemoteTestNG.run(AbstractRemoteTestNG.java:114)
at org.testng.remote.RemoteTestNG.initAndRun(RemoteTestNG.java:251)
at org.testng.remote.RemoteTestNG.main(RemoteTestNG.java:77)
]]>
    </error>
  </testcase> <!-- fillFormWithEmptyEmaildId -->
  <testcase name="fillFormWithEmptyBussinesName" time="7.119" classname="com.torenzosite.qa.testcases.FeaturePageTest">
    <error type="org.openqa.selenium.ElementClickInterceptedException" message="Element not clickable at point (672,44). Other element would receive the click: &lt;div class=&quot;col-md-10 col-md-offset-1&quot;&gt;
&lt;h1 class=&quot;font-36 uppercase&quot;&gt;&lt;strong&gt;Torenzo Point of Sale Solutions:&lt;br class=&quot;visible-lg visible-md&quot;&gt; &lt;span class=&quot;font-48&quot;&gt;Powerful. Affordable. Easy to Use.&lt;/span&gt;&lt;/strong&gt;&lt;/h1&gt;

&lt;p class=&quot;font-18 margin-0 margin-top-40&quot;&gt;&lt;strong&gt;Start your 30-day free trial today!&lt;/strong&gt;&lt;/p&gt;
&lt;div class=&quot;gf_browser_unknown gform_wrapper&quot; id=&quot;gform_wrapper_7&quot;&gt;
&lt;form id=&quot;gform_7&quot; action=&quot;/&quot; enctype=&quot;multipart/form-data&quot; method=&quot;post&quot;&gt;
&lt;div class=&quot;gform_body&quot;&gt;
&lt;ul class=&quot;gform_fields top_label form_sublabel_below description_below&quot; id=&quot;gform_fields_7&quot;&gt;
&lt;li class=&quot;gfield gfield_contains_required field_sublabel_below field_description_below gfield_visibility_visible&quot; id=&quot;field_7_1&quot;&gt;&lt;label class=&quot;gfield_label&quot; for=&quot;input_7_1&quot;&gt;Email&lt;span class=&quot;gfield_required&quot;&gt;*&lt;/span&gt;&lt;/label&gt;
&lt;div class=&quot;ginput_container ginput_container_email&quot;&gt;
                            &lt;input name=&quot;input_1&quot; class=&quot;large form-control&quot; id=&quot;input_7_1&quot; aria-invalid=&quot;false&quot; aria-required=&quot;true&quot; type=&quot;text&quot; placeholder=&quot;Email Address&quot; value=&quot;&quot;&gt;
                        &lt;/div&gt;
&lt;/li&gt;
&lt;li class=&quot;gfield gform_validation_container field_sublabel_below field_description_below gfield_visibility_visible&quot; id=&quot;field_7_2&quot;&gt;&lt;label class=&quot;gfield_label&quot; for=&quot;input_7_2&quot;&gt;Phone&lt;/label&gt;
&lt;div class=&quot;ginput_container&quot;&gt;&lt;input name=&quot;input_2&quot; class=&quot;form-control&quot; id=&quot;input_7_2&quot; type=&quot;text&quot; value=&quot;&quot;&gt;&lt;/div&gt;
&lt;div class=&quot;gfield_description&quot;&gt;This field is for validation purposes and should be left unchanged.&lt;/div&gt;
&lt;/li&gt;
&lt;/ul&gt;
&lt;/div&gt;
&lt;div class=&quot;gform_footer top_label&quot;&gt; &lt;input class=&quot;gform_button btn btn-primary controls&quot; id=&quot;gform_submit_button_7&quot; onkeypress=&#039;if( event.keyCode == 13 ){ if(window[&quot;gf_submitting_7&quot;]){return false;} window[&quot;gf_submitting_7&quot;]=true;  jQuery(&quot;#gform_7&quot;).trigger(&quot;submit&quot;,[true]); }&#039; onclick=&#039;if(window[&quot;gf_submitting_7&quot;]){return false;}  window[&quot;gf_submitting_7&quot;]=true;  &#039; type=&quot;submit&quot; value=&quot;CLICK HERE TO TRY TORENZO FOR FREE&quot;&gt;
            &lt;input name=&quot;is_submit_7&quot; class=&quot;gform_hidden&quot; type=&quot;hidden&quot; value=&quot;1&quot;&gt;
            &lt;input name=&quot;gform_submit&quot; class=&quot;gform_hidden&quot; type=&quot;hidden&quot; value=&quot;7&quot;&gt;
&lt;p&gt;            &lt;input name=&quot;gform_unique_id&quot; class=&quot;gform_hidden&quot; type=&quot;hidden&quot; value=&quot;&quot;&gt;
            &lt;input name=&quot;state_7&quot; class=&quot;gform_hidden&quot; type=&quot;hidden&quot; value=&quot;WyJbXSIsIjgwMzA3ZjFmNDk5NWVkM2JiZGNjZDUzMWY0YjA3ZGU0Il0=&quot;&gt;
            &lt;input name=&quot;gform_target_page_number_7&quot; class=&quot;gform_hidden&quot; id=&quot;gform_target_page_number_7&quot; type=&quot;hidden&quot; value=&quot;0&quot;&gt;
            &lt;input name=&quot;gform_source_page_number_7&quot; class=&quot;gform_hidden&quot; id=&quot;gform_source_page_number_7&quot; type=&quot;hidden&quot; value=&quot;1&quot;&gt;
            &lt;input name=&quot;gform_field_values&quot; type=&quot;hidden&quot; value=&quot;&quot;&gt;&lt;/p&gt;&lt;/div&gt;
&lt;/form&gt;
&lt;/div&gt;
&lt;p&gt;&lt;script type=&quot;text/javascript&quot;&gt; if(typeof gf_global == &#039;undefined&#039;) var gf_global = {&quot;gf_currency_config&quot;:{&quot;name&quot;:&quot;U.S. Dollar&quot;,&quot;symbol_left&quot;:&quot;$&quot;,&quot;symbol_right&quot;:&quot;&quot;,&quot;symbol_padding&quot;:&quot;&quot;,&quot;thousand_separator&quot;:&quot;,&quot;,&quot;decimal_separator&quot;:&quot;.&quot;,&quot;decimals&quot;:2},&quot;base_url&quot;:&quot;http:\/\/www.torenzo.com\/wp-content\/plugins\/gravityforms&quot;,&quot;number_formats&quot;:[],&quot;spinnerUrl&quot;:&quot;http:\/\/www.torenzo.com\/wp-content\/plugins\/gravityforms\/images\/spinner.gif&quot;};jQuery(document).bind(&#039;gform_post_render&#039;, function(event, formId, currentPage){if(formId == 7) {if(typeof Placeholders != &#039;undefined&#039;){
                        Placeholders.enable();
                    }} } );jQuery(document).bind(&#039;gform_post_conditional_logic&#039;, function(event, formId, fields, isInit){} );&lt;/script&gt;&lt;script type=&quot;text/javascript&quot;&gt; jQuery(document).ready(function(){jQuery(document).trigger(&#039;gform_post_render&#039;, [7, 1]) } ); &lt;/script&gt;
&lt;/p&gt;&lt;/div&gt;
Build info: version: &#039;3.14.0&#039;, revision: &#039;aacccce0&#039;, time: &#039;2018-08-02T20:19:58.91Z&#039;
System info: host: &#039;DESKTOP-A3DICO7&#039;, ip: &#039;169.254.38.26&#039;, os.name: &#039;Windows 10&#039;, os.arch: &#039;amd64&#039;, os.version: &#039;10.0&#039;, java.version: &#039;1.8.0_131&#039;
Driver info: org.openqa.selenium.ie.InternetExplorerDriver
Capabilities {acceptInsecureCerts: false, browserName: internet explorer, browserVersion: 11, javascriptEnabled: true, pageLoadStrategy: normal, platform: WINDOWS, platformName: WINDOWS, proxy: Proxy(), se:ieOptions: {browserAttachTimeout: 0, elementScrollBehavior: 0, enablePersistentHover: true, ie.browserCommandLineSwitches: , ie.ensureCleanSession: false, ie.fileUploadDialogTimeout: 3000, ie.forceCreateProcessApi: false, ignoreProtectedModeSettings: false, ignoreZoomSetting: false, initialBrowserUrl: http://localhost:13502/, nativeEvents: true, requireWindowFocus: false}, setWindowRect: true, timeouts: {implicit: 0, pageLoad: 300000, script: 30000}}
Session ID: 7ec23e9e-9466-41c1-a11c-6146b9bed3af">
      <![CDATA[org.openqa.selenium.ElementClickInterceptedException: Element not clickable at point (672,44). Other element would receive the click: <div class="col-md-10 col-md-offset-1">
<h1 class="font-36 uppercase"><strong>Torenzo Point of Sale Solutions:<br class="visible-lg visible-md"> <span class="font-48">Powerful. Affordable. Easy to Use.</span></strong></h1>

<p class="font-18 margin-0 margin-top-40"><strong>Start your 30-day free trial today!</strong></p>
<div class="gf_browser_unknown gform_wrapper" id="gform_wrapper_7">
<form id="gform_7" action="/" enctype="multipart/form-data" method="post">
<div class="gform_body">
<ul class="gform_fields top_label form_sublabel_below description_below" id="gform_fields_7">
<li class="gfield gfield_contains_required field_sublabel_below field_description_below gfield_visibility_visible" id="field_7_1"><label class="gfield_label" for="input_7_1">Email<span class="gfield_required">*</span></label>
<div class="ginput_container ginput_container_email">
                            <input name="input_1" class="large form-control" id="input_7_1" aria-invalid="false" aria-required="true" type="text" placeholder="Email Address" value="">
                        </div>
</li>
<li class="gfield gform_validation_container field_sublabel_below field_description_below gfield_visibility_visible" id="field_7_2"><label class="gfield_label" for="input_7_2">Phone</label>
<div class="ginput_container"><input name="input_2" class="form-control" id="input_7_2" type="text" value=""></div>
<div class="gfield_description">This field is for validation purposes and should be left unchanged.</div>
</li>
</ul>
</div>
<div class="gform_footer top_label"> <input class="gform_button btn btn-primary controls" id="gform_submit_button_7" onkeypress='if( event.keyCode == 13 ){ if(window["gf_submitting_7"]){return false;} window["gf_submitting_7"]=true;  jQuery("#gform_7").trigger("submit",[true]); }' onclick='if(window["gf_submitting_7"]){return false;}  window["gf_submitting_7"]=true;  ' type="submit" value="CLICK HERE TO TRY TORENZO FOR FREE">
            <input name="is_submit_7" class="gform_hidden" type="hidden" value="1">
            <input name="gform_submit" class="gform_hidden" type="hidden" value="7">
<p>            <input name="gform_unique_id" class="gform_hidden" type="hidden" value="">
            <input name="state_7" class="gform_hidden" type="hidden" value="WyJbXSIsIjgwMzA3ZjFmNDk5NWVkM2JiZGNjZDUzMWY0YjA3ZGU0Il0=">
            <input name="gform_target_page_number_7" class="gform_hidden" id="gform_target_page_number_7" type="hidden" value="0">
            <input name="gform_source_page_number_7" class="gform_hidden" id="gform_source_page_number_7" type="hidden" value="1">
            <input name="gform_field_values" type="hidden" value=""></p></div>
</form>
</div>
<p><script type="text/javascript"> if(typeof gf_global == 'undefined') var gf_global = {"gf_currency_config":{"name":"U.S. Dollar","symbol_left":"$","symbol_right":"","symbol_padding":"","thousand_separator":",","decimal_separator":".","decimals":2},"base_url":"http:\/\/www.torenzo.com\/wp-content\/plugins\/gravityforms","number_formats":[],"spinnerUrl":"http:\/\/www.torenzo.com\/wp-content\/plugins\/gravityforms\/images\/spinner.gif"};jQuery(document).bind('gform_post_render', function(event, formId, currentPage){if(formId == 7) {if(typeof Placeholders != 'undefined'){
                        Placeholders.enable();
                    }} } );jQuery(document).bind('gform_post_conditional_logic', function(event, formId, fields, isInit){} );</script><script type="text/javascript"> jQuery(document).ready(function(){jQuery(document).trigger('gform_post_render', [7, 1]) } ); </script>
</p></div>
Build info: version: '3.14.0', revision: 'aacccce0', time: '2018-08-02T20:19:58.91Z'
System info: host: 'DESKTOP-A3DICO7', ip: '169.254.38.26', os.name: 'Windows 10', os.arch: 'amd64', os.version: '10.0', java.version: '1.8.0_131'
Driver info: org.openqa.selenium.ie.InternetExplorerDriver
Capabilities {acceptInsecureCerts: false, browserName: internet explorer, browserVersion: 11, javascriptEnabled: true, pageLoadStrategy: normal, platform: WINDOWS, platformName: WINDOWS, proxy: Proxy(), se:ieOptions: {browserAttachTimeout: 0, elementScrollBehavior: 0, enablePersistentHover: true, ie.browserCommandLineSwitches: , ie.ensureCleanSession: false, ie.fileUploadDialogTimeout: 3000, ie.forceCreateProcessApi: false, ignoreProtectedModeSettings: false, ignoreZoomSetting: false, initialBrowserUrl: http://localhost:13502/, nativeEvents: true, requireWindowFocus: false}, setWindowRect: true, timeouts: {implicit: 0, pageLoad: 300000, script: 30000}}
Session ID: 7ec23e9e-9466-41c1-a11c-6146b9bed3af
at sun.reflect.NativeConstructorAccessorImpl.newInstance0(Native Method)
at sun.reflect.NativeConstructorAccessorImpl.newInstance(Unknown Source)
at sun.reflect.DelegatingConstructorAccessorImpl.newInstance(Unknown Source)
at java.lang.reflect.Constructor.newInstance(Unknown Source)
at org.openqa.selenium.remote.http.W3CHttpResponseCodec.createException(W3CHttpResponseCodec.java:187)
at org.openqa.selenium.remote.http.W3CHttpResponseCodec.decode(W3CHttpResponseCodec.java:122)
at org.openqa.selenium.remote.http.W3CHttpResponseCodec.decode(W3CHttpResponseCodec.java:49)
at org.openqa.selenium.remote.HttpCommandExecutor.execute(HttpCommandExecutor.java:158)
at org.openqa.selenium.remote.service.DriverCommandExecutor.execute(DriverCommandExecutor.java:83)
at org.openqa.selenium.remote.RemoteWebDriver.execute(RemoteWebDriver.java:548)
at org.openqa.selenium.remote.RemoteWebElement.execute(RemoteWebElement.java:276)
at org.openqa.selenium.remote.RemoteWebElement.click(RemoteWebElement.java:83)
at sun.reflect.NativeMethodAccessorImpl.invoke0(Native Method)
at sun.reflect.NativeMethodAccessorImpl.invoke(Unknown Source)
at sun.reflect.DelegatingMethodAccessorImpl.invoke(Unknown Source)
at java.lang.reflect.Method.invoke(Unknown Source)
at org.openqa.selenium.support.pagefactory.internal.LocatingElementHandler.invoke(LocatingElementHandler.java:51)
at com.sun.proxy.$Proxy10.click(Unknown Source)
at com.torenzosite.qa.pages.HomePage.clickOnFeatures(HomePage.java:75)
at com.torenzosite.qa.testcases.FeaturePageTest.fillFormWithEmptyBussinesName(FeaturePageTest.java:233)
at sun.reflect.NativeMethodAccessorImpl.invoke0(Native Method)
at sun.reflect.NativeMethodAccessorImpl.invoke(Unknown Source)
at sun.reflect.DelegatingMethodAccessorImpl.invoke(Unknown Source)
at java.lang.reflect.Method.invoke(Unknown Source)
at org.testng.internal.MethodInvocationHelper.invokeMethod(MethodInvocationHelper.java:124)
at org.testng.internal.Invoker.invokeMethod(Invoker.java:580)
at org.testng.internal.Invoker.invokeTestMethod(Invoker.java:716)
at org.testng.internal.Invoker.invokeTestMethods(Invoker.java:988)
at org.testng.internal.TestMethodWorker.invokeTestMethods(TestMethodWorker.java:125)
at org.testng.internal.TestMethodWorker.run(TestMethodWorker.java:109)
at org.testng.TestRunner.privateRun(TestRunner.java:648)
at org.testng.TestRunner.run(TestRunner.java:505)
at org.testng.SuiteRunner.runTest(SuiteRunner.java:455)
at org.testng.SuiteRunner.runSequentially(SuiteRunner.java:450)
at org.testng.SuiteRunner.privateRun(SuiteRunner.java:415)
at org.testng.SuiteRunner.run(SuiteRunner.java:364)
at org.testng.SuiteRunnerWorker.runSuite(SuiteRunnerWorker.java:52)
at org.testng.SuiteRunnerWorker.run(SuiteRunnerWorker.java:84)
at org.testng.TestNG.runSuitesSequentially(TestNG.java:1208)
at org.testng.TestNG.runSuitesLocally(TestNG.java:1137)
at org.testng.TestNG.runSuites(TestNG.java:1049)
at org.testng.TestNG.run(TestNG.java:1017)
at org.testng.remote.AbstractRemoteTestNG.run(AbstractRemoteTestNG.java:114)
at org.testng.remote.RemoteTestNG.initAndRun(RemoteTestNG.java:251)
at org.testng.remote.RemoteTestNG.main(RemoteTestNG.java:77)
]]>
    </error>
  </testcase> <!-- fillFormWithEmptyBussinesName -->
  <testcase name="fillFormWithIncorrectEmailId" time="7.975" classname="com.torenzosite.qa.testcases.FeaturePageTest">
    <error type="org.openqa.selenium.ElementClickInterceptedException" message="Element not clickable at point (672,44). Other element would receive the click: &lt;div class=&quot;col-md-10 col-md-offset-1&quot;&gt;
&lt;h1 class=&quot;font-36 uppercase&quot;&gt;&lt;strong&gt;Torenzo Point of Sale Solutions:&lt;br class=&quot;visible-lg visible-md&quot;&gt; &lt;span class=&quot;font-48&quot;&gt;Powerful. Affordable. Easy to Use.&lt;/span&gt;&lt;/strong&gt;&lt;/h1&gt;

&lt;p class=&quot;font-18 margin-0 margin-top-40&quot;&gt;&lt;strong&gt;Start your 30-day free trial today!&lt;/strong&gt;&lt;/p&gt;
&lt;div class=&quot;gf_browser_unknown gform_wrapper&quot; id=&quot;gform_wrapper_7&quot;&gt;
&lt;form id=&quot;gform_7&quot; action=&quot;/&quot; enctype=&quot;multipart/form-data&quot; method=&quot;post&quot;&gt;
&lt;div class=&quot;gform_body&quot;&gt;
&lt;ul class=&quot;gform_fields top_label form_sublabel_below description_below&quot; id=&quot;gform_fields_7&quot;&gt;
&lt;li class=&quot;gfield gfield_contains_required field_sublabel_below field_description_below gfield_visibility_visible&quot; id=&quot;field_7_1&quot;&gt;&lt;label class=&quot;gfield_label&quot; for=&quot;input_7_1&quot;&gt;Email&lt;span class=&quot;gfield_required&quot;&gt;*&lt;/span&gt;&lt;/label&gt;
&lt;div class=&quot;ginput_container ginput_container_email&quot;&gt;
                            &lt;input name=&quot;input_1&quot; class=&quot;large form-control&quot; id=&quot;input_7_1&quot; aria-invalid=&quot;false&quot; aria-required=&quot;true&quot; type=&quot;text&quot; placeholder=&quot;Email Address&quot; value=&quot;&quot;&gt;
                        &lt;/div&gt;
&lt;/li&gt;
&lt;li class=&quot;gfield gform_validation_container field_sublabel_below field_description_below gfield_visibility_visible&quot; id=&quot;field_7_2&quot;&gt;&lt;label class=&quot;gfield_label&quot; for=&quot;input_7_2&quot;&gt;Phone&lt;/label&gt;
&lt;div class=&quot;ginput_container&quot;&gt;&lt;input name=&quot;input_2&quot; class=&quot;form-control&quot; id=&quot;input_7_2&quot; type=&quot;text&quot; value=&quot;&quot;&gt;&lt;/div&gt;
&lt;div class=&quot;gfield_description&quot;&gt;This field is for validation purposes and should be left unchanged.&lt;/div&gt;
&lt;/li&gt;
&lt;/ul&gt;
&lt;/div&gt;
&lt;div class=&quot;gform_footer top_label&quot;&gt; &lt;input class=&quot;gform_button btn btn-primary controls&quot; id=&quot;gform_submit_button_7&quot; onkeypress=&#039;if( event.keyCode == 13 ){ if(window[&quot;gf_submitting_7&quot;]){return false;} window[&quot;gf_submitting_7&quot;]=true;  jQuery(&quot;#gform_7&quot;).trigger(&quot;submit&quot;,[true]); }&#039; onclick=&#039;if(window[&quot;gf_submitting_7&quot;]){return false;}  window[&quot;gf_submitting_7&quot;]=true;  &#039; type=&quot;submit&quot; value=&quot;CLICK HERE TO TRY TORENZO FOR FREE&quot;&gt;
            &lt;input name=&quot;is_submit_7&quot; class=&quot;gform_hidden&quot; type=&quot;hidden&quot; value=&quot;1&quot;&gt;
            &lt;input name=&quot;gform_submit&quot; class=&quot;gform_hidden&quot; type=&quot;hidden&quot; value=&quot;7&quot;&gt;
&lt;p&gt;            &lt;input name=&quot;gform_unique_id&quot; class=&quot;gform_hidden&quot; type=&quot;hidden&quot; value=&quot;&quot;&gt;
            &lt;input name=&quot;state_7&quot; class=&quot;gform_hidden&quot; type=&quot;hidden&quot; value=&quot;WyJbXSIsIjgwMzA3ZjFmNDk5NWVkM2JiZGNjZDUzMWY0YjA3ZGU0Il0=&quot;&gt;
            &lt;input name=&quot;gform_target_page_number_7&quot; class=&quot;gform_hidden&quot; id=&quot;gform_target_page_number_7&quot; type=&quot;hidden&quot; value=&quot;0&quot;&gt;
            &lt;input name=&quot;gform_source_page_number_7&quot; class=&quot;gform_hidden&quot; id=&quot;gform_source_page_number_7&quot; type=&quot;hidden&quot; value=&quot;1&quot;&gt;
            &lt;input name=&quot;gform_field_values&quot; type=&quot;hidden&quot; value=&quot;&quot;&gt;&lt;/p&gt;&lt;/div&gt;
&lt;/form&gt;
&lt;/div&gt;
&lt;p&gt;&lt;script type=&quot;text/javascript&quot;&gt; if(typeof gf_global == &#039;undefined&#039;) var gf_global = {&quot;gf_currency_config&quot;:{&quot;name&quot;:&quot;U.S. Dollar&quot;,&quot;symbol_left&quot;:&quot;$&quot;,&quot;symbol_right&quot;:&quot;&quot;,&quot;symbol_padding&quot;:&quot;&quot;,&quot;thousand_separator&quot;:&quot;,&quot;,&quot;decimal_separator&quot;:&quot;.&quot;,&quot;decimals&quot;:2},&quot;base_url&quot;:&quot;http:\/\/www.torenzo.com\/wp-content\/plugins\/gravityforms&quot;,&quot;number_formats&quot;:[],&quot;spinnerUrl&quot;:&quot;http:\/\/www.torenzo.com\/wp-content\/plugins\/gravityforms\/images\/spinner.gif&quot;};jQuery(document).bind(&#039;gform_post_render&#039;, function(event, formId, currentPage){if(formId == 7) {if(typeof Placeholders != &#039;undefined&#039;){
                        Placeholders.enable();
                    }} } );jQuery(document).bind(&#039;gform_post_conditional_logic&#039;, function(event, formId, fields, isInit){} );&lt;/script&gt;&lt;script type=&quot;text/javascript&quot;&gt; jQuery(document).ready(function(){jQuery(document).trigger(&#039;gform_post_render&#039;, [7, 1]) } ); &lt;/script&gt;
&lt;/p&gt;&lt;/div&gt;
Build info: version: &#039;3.14.0&#039;, revision: &#039;aacccce0&#039;, time: &#039;2018-08-02T20:19:58.91Z&#039;
System info: host: &#039;DESKTOP-A3DICO7&#039;, ip: &#039;169.254.38.26&#039;, os.name: &#039;Windows 10&#039;, os.arch: &#039;amd64&#039;, os.version: &#039;10.0&#039;, java.version: &#039;1.8.0_131&#039;
Driver info: org.openqa.selenium.ie.InternetExplorerDriver
Capabilities {acceptInsecureCerts: false, browserName: internet explorer, browserVersion: 11, javascriptEnabled: true, pageLoadStrategy: normal, platform: WINDOWS, platformName: WINDOWS, proxy: Proxy(), se:ieOptions: {browserAttachTimeout: 0, elementScrollBehavior: 0, enablePersistentHover: true, ie.browserCommandLineSwitches: , ie.ensureCleanSession: false, ie.fileUploadDialogTimeout: 3000, ie.forceCreateProcessApi: false, ignoreProtectedModeSettings: false, ignoreZoomSetting: false, initialBrowserUrl: http://localhost:12226/, nativeEvents: true, requireWindowFocus: false}, setWindowRect: true, timeouts: {implicit: 0, pageLoad: 300000, script: 30000}}
Session ID: 60f477e2-9846-4f6a-87eb-89fc26d21563">
      <![CDATA[org.openqa.selenium.ElementClickInterceptedException: Element not clickable at point (672,44). Other element would receive the click: <div class="col-md-10 col-md-offset-1">
<h1 class="font-36 uppercase"><strong>Torenzo Point of Sale Solutions:<br class="visible-lg visible-md"> <span class="font-48">Powerful. Affordable. Easy to Use.</span></strong></h1>

<p class="font-18 margin-0 margin-top-40"><strong>Start your 30-day free trial today!</strong></p>
<div class="gf_browser_unknown gform_wrapper" id="gform_wrapper_7">
<form id="gform_7" action="/" enctype="multipart/form-data" method="post">
<div class="gform_body">
<ul class="gform_fields top_label form_sublabel_below description_below" id="gform_fields_7">
<li class="gfield gfield_contains_required field_sublabel_below field_description_below gfield_visibility_visible" id="field_7_1"><label class="gfield_label" for="input_7_1">Email<span class="gfield_required">*</span></label>
<div class="ginput_container ginput_container_email">
                            <input name="input_1" class="large form-control" id="input_7_1" aria-invalid="false" aria-required="true" type="text" placeholder="Email Address" value="">
                        </div>
</li>
<li class="gfield gform_validation_container field_sublabel_below field_description_below gfield_visibility_visible" id="field_7_2"><label class="gfield_label" for="input_7_2">Phone</label>
<div class="ginput_container"><input name="input_2" class="form-control" id="input_7_2" type="text" value=""></div>
<div class="gfield_description">This field is for validation purposes and should be left unchanged.</div>
</li>
</ul>
</div>
<div class="gform_footer top_label"> <input class="gform_button btn btn-primary controls" id="gform_submit_button_7" onkeypress='if( event.keyCode == 13 ){ if(window["gf_submitting_7"]){return false;} window["gf_submitting_7"]=true;  jQuery("#gform_7").trigger("submit",[true]); }' onclick='if(window["gf_submitting_7"]){return false;}  window["gf_submitting_7"]=true;  ' type="submit" value="CLICK HERE TO TRY TORENZO FOR FREE">
            <input name="is_submit_7" class="gform_hidden" type="hidden" value="1">
            <input name="gform_submit" class="gform_hidden" type="hidden" value="7">
<p>            <input name="gform_unique_id" class="gform_hidden" type="hidden" value="">
            <input name="state_7" class="gform_hidden" type="hidden" value="WyJbXSIsIjgwMzA3ZjFmNDk5NWVkM2JiZGNjZDUzMWY0YjA3ZGU0Il0=">
            <input name="gform_target_page_number_7" class="gform_hidden" id="gform_target_page_number_7" type="hidden" value="0">
            <input name="gform_source_page_number_7" class="gform_hidden" id="gform_source_page_number_7" type="hidden" value="1">
            <input name="gform_field_values" type="hidden" value=""></p></div>
</form>
</div>
<p><script type="text/javascript"> if(typeof gf_global == 'undefined') var gf_global = {"gf_currency_config":{"name":"U.S. Dollar","symbol_left":"$","symbol_right":"","symbol_padding":"","thousand_separator":",","decimal_separator":".","decimals":2},"base_url":"http:\/\/www.torenzo.com\/wp-content\/plugins\/gravityforms","number_formats":[],"spinnerUrl":"http:\/\/www.torenzo.com\/wp-content\/plugins\/gravityforms\/images\/spinner.gif"};jQuery(document).bind('gform_post_render', function(event, formId, currentPage){if(formId == 7) {if(typeof Placeholders != 'undefined'){
                        Placeholders.enable();
                    }} } );jQuery(document).bind('gform_post_conditional_logic', function(event, formId, fields, isInit){} );</script><script type="text/javascript"> jQuery(document).ready(function(){jQuery(document).trigger('gform_post_render', [7, 1]) } ); </script>
</p></div>
Build info: version: '3.14.0', revision: 'aacccce0', time: '2018-08-02T20:19:58.91Z'
System info: host: 'DESKTOP-A3DICO7', ip: '169.254.38.26', os.name: 'Windows 10', os.arch: 'amd64', os.version: '10.0', java.version: '1.8.0_131'
Driver info: org.openqa.selenium.ie.InternetExplorerDriver
Capabilities {acceptInsecureCerts: false, browserName: internet explorer, browserVersion: 11, javascriptEnabled: true, pageLoadStrategy: normal, platform: WINDOWS, platformName: WINDOWS, proxy: Proxy(), se:ieOptions: {browserAttachTimeout: 0, elementScrollBehavior: 0, enablePersistentHover: true, ie.browserCommandLineSwitches: , ie.ensureCleanSession: false, ie.fileUploadDialogTimeout: 3000, ie.forceCreateProcessApi: false, ignoreProtectedModeSettings: false, ignoreZoomSetting: false, initialBrowserUrl: http://localhost:12226/, nativeEvents: true, requireWindowFocus: false}, setWindowRect: true, timeouts: {implicit: 0, pageLoad: 300000, script: 30000}}
Session ID: 60f477e2-9846-4f6a-87eb-89fc26d21563
at sun.reflect.NativeConstructorAccessorImpl.newInstance0(Native Method)
at sun.reflect.NativeConstructorAccessorImpl.newInstance(Unknown Source)
at sun.reflect.DelegatingConstructorAccessorImpl.newInstance(Unknown Source)
at java.lang.reflect.Constructor.newInstance(Unknown Source)
at org.openqa.selenium.remote.http.W3CHttpResponseCodec.createException(W3CHttpResponseCodec.java:187)
at org.openqa.selenium.remote.http.W3CHttpResponseCodec.decode(W3CHttpResponseCodec.java:122)
at org.openqa.selenium.remote.http.W3CHttpResponseCodec.decode(W3CHttpResponseCodec.java:49)
at org.openqa.selenium.remote.HttpCommandExecutor.execute(HttpCommandExecutor.java:158)
at org.openqa.selenium.remote.service.DriverCommandExecutor.execute(DriverCommandExecutor.java:83)
at org.openqa.selenium.remote.RemoteWebDriver.execute(RemoteWebDriver.java:548)
at org.openqa.selenium.remote.RemoteWebElement.execute(RemoteWebElement.java:276)
at org.openqa.selenium.remote.RemoteWebElement.click(RemoteWebElement.java:83)
at sun.reflect.NativeMethodAccessorImpl.invoke0(Native Method)
at sun.reflect.NativeMethodAccessorImpl.invoke(Unknown Source)
at sun.reflect.DelegatingMethodAccessorImpl.invoke(Unknown Source)
at java.lang.reflect.Method.invoke(Unknown Source)
at org.openqa.selenium.support.pagefactory.internal.LocatingElementHandler.invoke(LocatingElementHandler.java:51)
at com.sun.proxy.$Proxy10.click(Unknown Source)
at com.torenzosite.qa.pages.HomePage.clickOnFeatures(HomePage.java:75)
at com.torenzosite.qa.testcases.FeaturePageTest.fillFormWithIncorrectEmailId(FeaturePageTest.java:262)
at sun.reflect.NativeMethodAccessorImpl.invoke0(Native Method)
at sun.reflect.NativeMethodAccessorImpl.invoke(Unknown Source)
at sun.reflect.DelegatingMethodAccessorImpl.invoke(Unknown Source)
at java.lang.reflect.Method.invoke(Unknown Source)
at org.testng.internal.MethodInvocationHelper.invokeMethod(MethodInvocationHelper.java:124)
at org.testng.internal.Invoker.invokeMethod(Invoker.java:580)
at org.testng.internal.Invoker.invokeTestMethod(Invoker.java:716)
at org.testng.internal.Invoker.invokeTestMethods(Invoker.java:988)
at org.testng.internal.TestMethodWorker.invokeTestMethods(TestMethodWorker.java:125)
at org.testng.internal.TestMethodWorker.run(TestMethodWorker.java:109)
at org.testng.TestRunner.privateRun(TestRunner.java:648)
at org.testng.TestRunner.run(TestRunner.java:505)
at org.testng.SuiteRunner.runTest(SuiteRunner.java:455)
at org.testng.SuiteRunner.runSequentially(SuiteRunner.java:450)
at org.testng.SuiteRunner.privateRun(SuiteRunner.java:415)
at org.testng.SuiteRunner.run(SuiteRunner.java:364)
at org.testng.SuiteRunnerWorker.runSuite(SuiteRunnerWorker.java:52)
at org.testng.SuiteRunnerWorker.run(SuiteRunnerWorker.java:84)
at org.testng.TestNG.runSuitesSequentially(TestNG.java:1208)
at org.testng.TestNG.runSuitesLocally(TestNG.java:1137)
at org.testng.TestNG.runSuites(TestNG.java:1049)
at org.testng.TestNG.run(TestNG.java:1017)
at org.testng.remote.AbstractRemoteTestNG.run(AbstractRemoteTestNG.java:114)
at org.testng.remote.RemoteTestNG.initAndRun(RemoteTestNG.java:251)
at org.testng.remote.RemoteTestNG.main(RemoteTestNG.java:77)
]]>
    </error>
  </testcase> <!-- fillFormWithIncorrectEmailId -->
</testsuite> <!-- com.torenzosite.qa.testcases.FeaturePageTest -->
