<?xml version="1.0" encoding="UTF-8"?>
<!-- Generated by org.testng.reporters.JUnitReportReporter -->
<testsuite skipped="0" hostname="DESKTOP-A3DICO7" name="com.torenzosite.qa.testcases.BrokenImageAndLinks" tests="1" failures="0" timestamp="03 Dec 2018 06:51:50 GMT" time="29.586" errors="0">
  <testcase name="findBrokenLinkOnTorenzoMainPage" time="29.586" classname="com.torenzosite.qa.testcases.BrokenImageAndLinks"/>
</testsuite> <!-- com.torenzosite.qa.testcases.BrokenImageAndLinks -->
