<?xml version="1.0" encoding="UTF-8"?>
<!-- Generated by org.testng.reporters.JUnitReportReporter -->
<testsuite skipped="0" hostname="DESKTOP-A3DICO7" name="com.torenzosite.qa.testcases.BrokenImageAndLinks" tests="1" failures="0" timestamp="08 Dec 2018 05:12:41 GMT" time="54.403" errors="0">
  <testcase name="findBrokenLinkOnTorenzoMainPage" time="54.403" classname="com.torenzosite.qa.testcases.BrokenImageAndLinks"/>
</testsuite> <!-- com.torenzosite.qa.testcases.BrokenImageAndLinks -->
