<?xml version="1.0" encoding="UTF-8"?>
<!-- Generated by org.testng.reporters.JUnitReportReporter -->
<testsuite skipped="0" hostname="DESKTOP-A3DICO7" name="com.torenzosite.qa.testcases.PricingPageTest" tests="2" failures="0" timestamp="11 Dec 2018 10:35:43 GMT" time="152.320" errors="0">
  <testcase name="verifyHomePageTitle" time="82.853" classname="com.torenzosite.qa.testcases.PricingPageTest"/>
  <testcase name="verifyPricingPageTitle" time="69.467" classname="com.torenzosite.qa.testcases.PricingPageTest"/>
</testsuite> <!-- com.torenzosite.qa.testcases.PricingPageTest -->
