<?xml version="1.0" encoding="UTF-8"?>
<!-- Generated by org.testng.reporters.JUnitReportReporter -->
<testsuite skipped="0" hostname="DESKTOP-A3DICO7" name="com.torenzosite.qa.testcases.LeaveUsPageTest" tests="1" failures="0" timestamp="11 Dec 2018 07:47:52 GMT" time="395.495" errors="0">
  <testcase name="verifyLeaveUsPageTitle" time="395.495" classname="com.torenzosite.qa.testcases.LeaveUsPageTest"/>
</testsuite> <!-- com.torenzosite.qa.testcases.LeaveUsPageTest -->
