<?xml version="1.0" encoding="UTF-8"?>
<!-- Generated by org.testng.reporters.JUnitReportReporter -->
<testsuite skipped="0" hostname="DESKTOP-A3DICO7" name="com.torenzosite.qa.testcases.HardwarePageTest" tests="3" failures="0" timestamp="28 Dec 2018 05:49:47 GMT" time="70.915" errors="0">
  <testcase name="verifyHomePageTitle" time="23.640" classname="com.torenzosite.qa.testcases.HardwarePageTest"/>
  <testcase name="verifyHardwarePageTitle" time="16.512" classname="com.torenzosite.qa.testcases.HardwarePageTest"/>
  <testcase name="verifyContactUsPage" time="30.763" classname="com.torenzosite.qa.testcases.HardwarePageTest"/>
</testsuite> <!-- com.torenzosite.qa.testcases.HardwarePageTest -->
