<?xml version="1.0" encoding="UTF-8"?>
<!-- Generated by org.testng.reporters.JUnitReportReporter -->
<testsuite skipped="0" hostname="DESKTOP-A3DICO7" name="com.torenzosite.qa.testcases.TorenzoPOSPageTest" tests="2" failures="0" timestamp="28 Dec 2018 05:49:48 GMT" time="31.671" errors="0">
  <testcase name="verifyHomePageTitle" time="20.620" classname="com.torenzosite.qa.testcases.TorenzoPOSPageTest"/>
  <testcase name="verifyTextFromTorenzoPOSPage" time="11.051" classname="com.torenzosite.qa.testcases.TorenzoPOSPageTest"/>
</testsuite> <!-- com.torenzosite.qa.testcases.TorenzoPOSPageTest -->
