<?xml version="1.0" encoding="UTF-8"?>
<!-- Generated by org.testng.reporters.JUnitReportReporter -->
<testsuite skipped="0" hostname="DESKTOP-A3DICO7" name="com.torenzosite.qa.testcases.TryTorenzoForFreePageTest" tests="2" failures="0" timestamp="08 Dec 2018 05:12:41 GMT" time="52.357" errors="0">
  <testcase name="verifyHomePageTitle" time="18.150" classname="com.torenzosite.qa.testcases.TryTorenzoForFreePageTest"/>
  <testcase name="clickOnTryTorenzoForFree" time="34.207" classname="com.torenzosite.qa.testcases.TryTorenzoForFreePageTest"/>
</testsuite> <!-- com.torenzosite.qa.testcases.TryTorenzoForFreePageTest -->
