<?xml version="1.0" encoding="UTF-8"?>
<!-- Generated by org.testng.reporters.JUnitReportReporter -->
<testsuite skipped="0" hostname="DESKTOP-A3DICO7" name="com.torenzosite.qa.testcases.FeaturePageTest" tests="1" failures="0" timestamp="10 Dec 2018 07:58:13 GMT" time="53.260" errors="0">
  <testcase name="fillFormWithIncorrectEmailId" time="53.260" classname="com.torenzosite.qa.testcases.FeaturePageTest"/>
</testsuite> <!-- com.torenzosite.qa.testcases.FeaturePageTest -->
