<?xml version="1.0" encoding="UTF-8"?>
<!-- Generated by org.testng.reporters.JUnitReportReporter -->
<testsuite skipped="0" hostname="DESKTOP-A3DICO7" name="com.torenzosite.qa.testcases.HardwarePageTest" tests="3" failures="0" timestamp="08 Dec 2018 05:12:41 GMT" time="82.622" errors="0">
  <testcase name="verifyHomePageTitle" time="19.110" classname="com.torenzosite.qa.testcases.HardwarePageTest"/>
  <testcase name="verifyHardwarePageTitle" time="32.640" classname="com.torenzosite.qa.testcases.HardwarePageTest"/>
  <testcase name="verifyContactUsPage" time="30.872" classname="com.torenzosite.qa.testcases.HardwarePageTest"/>
</testsuite> <!-- com.torenzosite.qa.testcases.HardwarePageTest -->
