<?xml version="1.0" encoding="UTF-8"?>
<!-- Generated by org.testng.reporters.JUnitReportReporter -->
<testsuite skipped="0" hostname="DESKTOP-A3DICO7" name="com.torenzosite.qa.testcases.HardwarePageTest" tests="3" failures="0" timestamp="15 Dec 2018 06:06:10 GMT" time="82.154" errors="0">
  <testcase name="verifyHomePageTitle" time="19.271" classname="com.torenzosite.qa.testcases.HardwarePageTest"/>
  <testcase name="verifyHardwarePageTitle" time="32.934" classname="com.torenzosite.qa.testcases.HardwarePageTest"/>
  <testcase name="verifyContactUsPage" time="29.949" classname="com.torenzosite.qa.testcases.HardwarePageTest"/>
</testsuite> <!-- com.torenzosite.qa.testcases.HardwarePageTest -->
