<?xml version="1.0" encoding="UTF-8"?>
<!-- Generated by org.testng.reporters.JUnitReportReporter -->
<testsuite skipped="0" hostname="DESKTOP-A3DICO7" name="com.torenzosite.qa.testcases.LeaveUsPageTest" tests="1" failures="0" timestamp="08 Dec 2018 05:51:19 GMT" time="44.902" errors="0">
  <testcase name="verifyLeaveUsPageTitle" time="44.902" classname="com.torenzosite.qa.testcases.LeaveUsPageTest"/>
</testsuite> <!-- com.torenzosite.qa.testcases.LeaveUsPageTest -->
